error  * no darle pelota
341K available
Compiling PEGASSUS.PRG
PEGASSUS.PRG(6)    Warning C1004  Ambiguous reference, assuming memvar: 'GETLIST'
PEGASSUS.PRG(7)    Warning C1004  Ambiguous reference, assuming memvar: 'PINICIO'
PEGASSUS.PRG(20)   Warning C1004  Ambiguous reference, assuming memvar: 'NIVEL'
PEGASSUS.PRG(21)   Warning C1004  Ambiguous reference, assuming memvar: 'IDIOMA'
PEGASSUS.PRG(24)   Warning C1003  Ambiguous reference: 'DIRECTORIO'
PEGASSUS.PRG(24)   Warning C1004  Ambiguous reference, assuming memvar: 'IDIREC'
PEGASSUS.PRG(25)   Warning C1003  Ambiguous reference: 'DIRSPOOL'
PEGASSUS.PRG(25)   Warning C1004  Ambiguous reference, assuming memvar: 'FISPOOL'
PEGASSUS.PRG(26)   Warning C1003  Ambiguous reference: 'SLOGIN'
PEGASSUS.PRG(26)   Warning C1004  Ambiguous reference, assuming memvar: 'QUESPOOL'
PEGASSUS.PRG(28)   Warning C1003  Ambiguous reference: 'IDIREC'
PEGASSUS.PRG(30)   Warning C1003  Ambiguous reference: 'USUARIOS'
PEGASSUS.PRG(30)   Warning C1004  Ambiguous reference, assuming memvar: 'IUSUAR'
PEGASSUS.PRG(31)   Warning C1003  Ambiguous reference: 'RESGUARDO'
PEGASSUS.PRG(31)   Warning C1004  Ambiguous reference, assuming memvar: 'IRESGU'
PEGASSUS.PRG(32)   Warning C1003  Ambiguous reference: 'TITULO'
PEGASSUS.PRG(32)   Warning C1004  Ambiguous reference, assuming memvar: 'ITITUL'
PEGASSUS.PRG(33)   Warning C1003  Ambiguous reference: 'TITULO2'
PEGASSUS.PRG(33)   Warning C1004  Ambiguous reference, assuming memvar: 'ITITULAR'
PEGASSUS.PRG(34)   Warning C1003  Ambiguous reference: 'MAPACARAC'
PEGASSUS.PRG(34)   Warning C1004  Ambiguous reference, assuming memvar: 'MAPA'
PEGASSUS.PRG(35)   Warning C1003  Ambiguous reference: 'COL_ACCES'
PEGASSUS.PRG(35)   Warning C1004  Ambiguous reference, assuming memvar: 'INOACC'
PEGASSUS.PRG(36)   Warning C1003  Ambiguous reference: 'QNCAJA'
PEGASSUS.PRG(36)   Warning C1004  Ambiguous reference, assuming memvar: 'QWNCAJA'
PEGASSUS.PRG(37)   Warning C1003  Ambiguous reference: 'QFECHA'
PEGASSUS.PRG(37)   Warning C1004  Ambiguous reference, assuming memvar: 'QWFECHA'
PEGASSUS.PRG(38)   Warning C1004  Ambiguous reference, assuming memvar: 'MPCONON'
PEGASSUS.PRG(39)   Warning C1004  Ambiguous reference, assuming memvar: 'MPCONOFF'
PEGASSUS.PRG(40)   Warning C1004  Ambiguous reference, assuming memvar: 'TITULON'
PEGASSUS.PRG(41)   Warning C1004  Ambiguous reference, assuming memvar: 'TITULOFF'
PEGASSUS.PRG(43)   Warning C1004  Ambiguous reference, assuming memvar: 'COM'
PEGASSUS.PRG(45)   Warning C1004  Ambiguous reference, assuming memvar: 'IMPRESORAS'
PEGASSUS.PRG(47)   Warning C1004  Ambiguous reference, assuming memvar: 'Y'
PEGASSUS.PRG(48)   Warning C1004  Ambiguous reference, assuming memvar: 'Y'
PEGASSUS.PRG(48)   Warning C1004  Ambiguous reference, assuming memvar: 'Y'
PEGASSUS.PRG(48)   Warning C1004  Ambiguous reference, assuming memvar: 'Y'
PEGASSUS.PRG(48)   Warning C1003  Ambiguous reference: 'Y'
PEGASSUS.PRG(50)   Warning C1003  Ambiguous reference: 'IMPRESORAS'
PEGASSUS.PRG(50)   Warning C1003  Ambiguous reference: 'NUMERO'
PEGASSUS.PRG(50)   Warning C1003  Ambiguous reference: 'PUERTO'
PEGASSUS.PRG(50)   Warning C1003  Ambiguous reference: 'NOMBRE'
PEGASSUS.PRG(50)   Warning C1003  Ambiguous reference: 'IMPRESOR'
PEGASSUS.PRG(50)   Warning C1003  Ambiguous reference: 'COMP_1'
PEGASSUS.PRG(50)   Warning C1003  Ambiguous reference: 'COMP_0'
PEGASSUS.PRG(50)   Warning C1003  Ambiguous reference: 'LARGO_1'
PEGASSUS.PRG(50)   Warning C1003  Ambiguous reference: 'LARGO_0'
PEGASSUS.PRG(50)   Warning C1003  Ambiguous reference: 'REGISTRO'
PEGASSUS.PRG(55)   Warning C1003  Ambiguous reference: 'COMERCIO'
PEGASSUS.PRG(55)   Warning C1004  Ambiguous reference, assuming memvar: 'TITULAR'
PEGASSUS.PRG(56)   Warning C1004  Ambiguous reference, assuming memvar: 'RESPTITU'
PEGASSUS.PRG(57)   Warning C1004  Ambiguous reference, assuming memvar: 'ADOCUM'
PEGASSUS.PRG(58)   Warning C1004  Ambiguous reference, assuming memvar: 'Y'
PEGASSUS.PRG(59)   Warning C1004  Ambiguous reference, assuming memvar: 'Y'
PEGASSUS.PRG(59)   Warning C1004  Ambiguous reference, assuming memvar: 'Y'
PEGASSUS.PRG(59)   Warning C1004  Ambiguous reference, assuming memvar: 'Y'
PEGASSUS.PRG(59)   Warning C1003  Ambiguous reference: 'Y'
PEGASSUS.PRG(60)   Warning C1003  Ambiguous reference: 'Y'
PEGASSUS.PRG(60)   Warning C1004  Ambiguous reference, assuming memvar: 'ADOCUM'
PEGASSUS.PRG(60)   Warning C1003  Ambiguous reference: 'Y'
PEGASSUS.PRG(62)   Warning C1004  Ambiguous reference, assuming memvar: 'ADOCUM'
PEGASSUS.PRG(63)   Warning C1004  Ambiguous reference, assuming memvar: 'ADOCUM'
PEGASSUS.PRG(64)   Warning C1004  Ambiguous reference, assuming memvar: 'ADOCUM'
PEGASSUS.PRG(65)   Warning C1004  Ambiguous reference, assuming memvar: 'ADOCUM'
PEGASSUS.PRG(66)   Warning C1004  Ambiguous reference, assuming memvar: 'ADOCUM'
PEGASSUS.PRG(67)   Warning C1004  Ambiguous reference, assuming memvar: 'ADOCUM'
PEGASSUS.PRG(68)   Warning C1004  Ambiguous reference, assuming memvar: 'ADOCUM'
PEGASSUS.PRG(69)   Warning C1004  Ambiguous reference, assuming memvar: 'ADOCUM'
PEGASSUS.PRG(70)   Warning C1004  Ambiguous reference, assuming memvar: 'ADOCUM'
PEGASSUS.PRG(71)   Warning C1004  Ambiguous reference, assuming memvar: 'ADOCUM'
PEGASSUS.PRG(72)   Warning C1004  Ambiguous reference, assuming memvar: 'ADOCUM'
PEGASSUS.PRG(73)   Warning C1004  Ambiguous reference, assuming memvar: 'ADOCUM'
PEGASSUS.PRG(74)   Warning C1004  Ambiguous reference, assuming memvar: 'ADOCUM'
PEGASSUS.PRG(75)   Warning C1004  Ambiguous reference, assuming memvar: 'ADOCUM'
PEGASSUS.PRG(76)   Warning C1004  Ambiguous reference, assuming memvar: 'RESPIVA'
PEGASSUS.PRG(77)   Warning C1004  Ambiguous reference, assuming memvar: 'Y'
PEGASSUS.PRG(78)   Warning C1004  Ambiguous reference, assuming memvar: 'Y'
PEGASSUS.PRG(78)   Warning C1004  Ambiguous reference, assuming memvar: 'Y'
PEGASSUS.PRG(78)   Warning C1004  Ambiguous reference, assuming memvar: 'Y'
PEGASSUS.PRG(78)   Warning C1003  Ambiguous reference: 'Y'
PEGASSUS.PRG(79)   Warning C1003  Ambiguous reference: 'Y'
PEGASSUS.PRG(79)   Warning C1004  Ambiguous reference, assuming memvar: 'RESPIVA'
PEGASSUS.PRG(79)   Warning C1003  Ambiguous reference: 'Y'
PEGASSUS.PRG(81)   Warning C1004  Ambiguous reference, assuming memvar: 'RESPIVA'
PEGASSUS.PRG(82)   Warning C1004  Ambiguous reference, assuming memvar: 'RESPIVA'
PEGASSUS.PRG(83)   Warning C1004  Ambiguous reference, assuming memvar: 'RESPIVA'
PEGASSUS.PRG(84)   Warning C1004  Ambiguous reference, assuming memvar: 'RESPIVA'
PEGASSUS.PRG(85)   Warning C1004  Ambiguous reference, assuming memvar: 'RESPIVA'
PEGASSUS.PRG(86)   Warning C1004  Ambiguous reference, assuming memvar: 'RESPIVA'
PEGASSUS.PRG(87)   Warning C1004  Ambiguous reference, assuming memvar: 'RESPIVA'
PEGASSUS.PRG(88)   Warning C1004  Ambiguous reference, assuming memvar: 'RESPIVA'
PEGASSUS.PRG(89)   Warning C1004  Ambiguous reference, assuming memvar: 'RESPIVA'
PEGASSUS.PRG(90)   Warning C1004  Ambiguous reference, assuming memvar: 'RESPIVA'
PEGASSUS.PRG(91)   Warning C1004  Ambiguous reference, assuming memvar: 'RESPIVA'
PEGASSUS.PRG(92)   Warning C1004  Ambiguous reference, assuming memvar: 'RESPIVA'
PEGASSUS.PRG(93)   Warning C1004  Ambiguous reference, assuming memvar: 'RESPIVA'
PEGASSUS.PRG(94)   Warning C1004  Ambiguous reference, assuming memvar: 'RESPIVA'
PEGASSUS.PRG(96)   Warning C1004  Ambiguous reference, assuming memvar: 'ALISTAS'
PEGASSUS.PRG(97)   Warning C1004  Ambiguous reference, assuming memvar: 'Y'
PEGASSUS.PRG(98)   Warning C1004  Ambiguous reference, assuming memvar: 'Y'
PEGASSUS.PRG(98)   Warning C1004  Ambiguous reference, assuming memvar: 'Y'
PEGASSUS.PRG(98)   Warning C1004  Ambiguous reference, assuming memvar: 'Y'
PEGASSUS.PRG(98)   Warning C1003  Ambiguous reference: 'Y'
PEGASSUS.PRG(99)   Warning C1003  Ambiguous reference: 'NUMERO'
PEGASSUS.PRG(99)   Warning C1004  Ambiguous reference, assuming memvar: 'ALISTAS'
PEGASSUS.PRG(99)   Warning C1003  Ambiguous reference: 'Y'
PEGASSUS.PRG(100)  Warning C1003  Ambiguous reference: 'NOMBRE'
PEGASSUS.PRG(100)  Warning C1004  Ambiguous reference, assuming memvar: 'ALISTAS'
PEGASSUS.PRG(100)  Warning C1003  Ambiguous reference: 'Y'
PEGASSUS.PRG(101)  Warning C1003  Ambiguous reference: 'FORMCALC'
PEGASSUS.PRG(101)  Warning C1004  Ambiguous reference, assuming memvar: 'ALISTAS'
PEGASSUS.PRG(101)  Warning C1003  Ambiguous reference: 'Y'
PEGASSUS.PRG(102)  Warning C1003  Ambiguous reference: 'HABILIT'
PEGASSUS.PRG(102)  Warning C1004  Ambiguous reference, assuming memvar: 'ALISTAS'
PEGASSUS.PRG(102)  Warning C1003  Ambiguous reference: 'Y'
PEGASSUS.PRG(105)  Warning C1004  Ambiguous reference, assuming memvar: 'ICOLORA'
PEGASSUS.PRG(106)  Warning C1004  Ambiguous reference, assuming memvar: 'ICOLORB'
PEGASSUS.PRG(107)  Warning C1004  Ambiguous reference, assuming memvar: 'JTOP'
PEGASSUS.PRG(108)  Warning C1004  Ambiguous reference, assuming memvar: 'JLEFT'
PEGASSUS.PRG(109)  Warning C1004  Ambiguous reference, assuming memvar: 'JBOTT'
PEGASSUS.PRG(110)  Warning C1004  Ambiguous reference, assuming memvar: 'JRIGHT'
PEGASSUS.PRG(111)  Warning C1004  Ambiguous reference, assuming memvar: 'JNIVOP'
PEGASSUS.PRG(112)  Warning C1003  Ambiguous reference: 'IDIREC'
PEGASSUS.PRG(112)  Warning C1004  Ambiguous reference, assuming memvar: 'IDIRECA'
PEGASSUS.PRG(113)  Warning C1003  Ambiguous reference: 'IDIREC'
PEGASSUS.PRG(113)  Warning C1004  Ambiguous reference, assuming memvar: 'IDIRECB'
PEGASSUS.PRG(114)  Warning C1003  Ambiguous reference: 'IDIRECA'
PEGASSUS.PRG(116)  Warning C1004  Ambiguous reference, assuming memvar: 'Y'
PEGASSUS.PRG(117)  Warning C1003  Ambiguous reference: 'Y'
PEGASSUS.PRG(117)  Warning C1004  Ambiguous reference, assuming memvar: 'AFRASES'
PEGASSUS.PRG(119)  Warning C1004  Ambiguous reference, assuming memvar: 'O'
PEGASSUS.PRG(120)  Warning C1004  Ambiguous reference, assuming memvar: 'O'
PEGASSUS.PRG(120)  Warning C1004  Ambiguous reference, assuming memvar: 'O'
PEGASSUS.PRG(120)  Warning C1004  Ambiguous reference, assuming memvar: 'O'
PEGASSUS.PRG(120)  Warning C1003  Ambiguous reference: 'O'
PEGASSUS.PRG(120)  Warning C1003  Ambiguous reference: 'Y'
PEGASSUS.PRG(121)  Warning C1003  Ambiguous reference: 'IDIOMA'
PEGASSUS.PRG(122)  Warning C1003  Ambiguous reference: 'FRASE1'
PEGASSUS.PRG(122)  Warning C1004  Ambiguous reference, assuming memvar: 'AFRASES'
PEGASSUS.PRG(122)  Warning C1003  Ambiguous reference: 'O'
PEGASSUS.PRG(124)  Warning C1003  Ambiguous reference: 'FRASE2'
PEGASSUS.PRG(124)  Warning C1004  Ambiguous reference, assuming memvar: 'AFRASES'
PEGASSUS.PRG(124)  Warning C1003  Ambiguous reference: 'O'
PEGASSUS.PRG(131)  Warning C1003  Ambiguous reference: 'JLEFT'
PEGASSUS.PRG(131)  Warning C1004  Ambiguous reference, assuming memvar: 'JT1'
PEGASSUS.PRG(132)  Warning C1004  Ambiguous reference, assuming memvar: 'JTM'
PEGASSUS.PRG(133)  Warning C1003  Ambiguous reference: 'JTM'
PEGASSUS.PRG(133)  Warning C1004  Ambiguous reference, assuming memvar: 'AESTAD'
PEGASSUS.PRG(134)  Warning C1004  Ambiguous reference, assuming memvar: 'Y'
PEGASSUS.PRG(135)  Warning C1004  Ambiguous reference, assuming memvar: 'I'
PEGASSUS.PRG(135)  Warning C1004  Ambiguous reference, assuming memvar: 'I'
PEGASSUS.PRG(135)  Warning C1004  Ambiguous reference, assuming memvar: 'I'
PEGASSUS.PRG(135)  Warning C1003  Ambiguous reference: 'I'
PEGASSUS.PRG(135)  Warning C1003  Ambiguous reference: 'JTM'
PEGASSUS.PRG(136)  Warning C1003  Ambiguous reference: 'NRO_MODULO'
PEGASSUS.PRG(136)  Warning C1004  Ambiguous reference, assuming memvar: 'AESTAD'
PEGASSUS.PRG(136)  Warning C1003  Ambiguous reference: 'I'
PEGASSUS.PRG(137)  Warning C1003  Ambiguous reference: 'IDIOMA'
PEGASSUS.PRG(138)  Warning C1003  Ambiguous reference: 'NOM_MODULO'
PEGASSUS.PRG(138)  Warning C1004  Ambiguous reference, assuming memvar: 'AESTAD'
PEGASSUS.PRG(138)  Warning C1003  Ambiguous reference: 'I'
PEGASSUS.PRG(139)  Warning C1003  Ambiguous reference: 'MENSAJE'
PEGASSUS.PRG(139)  Warning C1004  Ambiguous reference, assuming memvar: 'AESTAD'
PEGASSUS.PRG(139)  Warning C1003  Ambiguous reference: 'I'
PEGASSUS.PRG(141)  Warning C1003  Ambiguous reference: 'EXT_MODULO'
PEGASSUS.PRG(141)  Warning C1004  Ambiguous reference, assuming memvar: 'AESTAD'
PEGASSUS.PRG(141)  Warning C1003  Ambiguous reference: 'I'
PEGASSUS.PRG(142)  Warning C1003  Ambiguous reference: 'MENSAJE2'
PEGASSUS.PRG(142)  Warning C1004  Ambiguous reference, assuming memvar: 'AESTAD'
PEGASSUS.PRG(142)  Warning C1003  Ambiguous reference: 'I'
PEGASSUS.PRG(144)  Warning C1003  Ambiguous reference: 'INSTALADO'
PEGASSUS.PRG(144)  Warning C1004  Ambiguous reference, assuming memvar: 'AESTAD'
PEGASSUS.PRG(144)  Warning C1003  Ambiguous reference: 'I'
PEGASSUS.PRG(145)  Warning C1003  Ambiguous reference: 'JT1'
PEGASSUS.PRG(145)  Warning C1004  Ambiguous reference, assuming memvar: 'AESTAD'
PEGASSUS.PRG(145)  Warning C1003  Ambiguous reference: 'I'
PEGASSUS.PRG(146)  Warning C1003  Ambiguous reference: 'NIV_ACCESO'
PEGASSUS.PRG(146)  Warning C1004  Ambiguous reference, assuming memvar: 'AESTAD'
PEGASSUS.PRG(146)  Warning C1003  Ambiguous reference: 'I'
PEGASSUS.PRG(147)  Warning C1003  Ambiguous reference: 'JT1'
PEGASSUS.PRG(147)  Warning C1004  Ambiguous reference, assuming memvar: 'AESTAD'
PEGASSUS.PRG(147)  Warning C1003  Ambiguous reference: 'I'
PEGASSUS.PRG(147)  Warning C1004  Ambiguous reference, assuming memvar: 'JT1'
PEGASSUS.PRG(154)  Warning C1004  Ambiguous reference, assuming memvar: 'TOTREG'
PEGASSUS.PRG(156)  Warning C1003  Ambiguous reference: 'TOTREG'
PEGASSUS.PRG(156)  Warning C1004  Ambiguous reference, assuming memvar: 'TOTREG'
PEGASSUS.PRG(156)  Warning C1003  Ambiguous reference: 'NRO_MODULO'
PEGASSUS.PRG(157)  Warning C1003  Ambiguous reference: 'TOTREG'
PEGASSUS.PRG(157)  Warning C1004  Ambiguous reference, assuming memvar: 'ASMENU1'
PEGASSUS.PRG(158)  Warning C1004  Ambiguous reference, assuming memvar: 'TOTREG'
PEGASSUS.PRG(160)  Warning C1003  Ambiguous reference: 'TOTREG'
PEGASSUS.PRG(160)  Warning C1004  Ambiguous reference, assuming memvar: 'TOTREG'
PEGASSUS.PRG(160)  Warning C1003  Ambiguous reference: 'NRO_MODULO'
PEGASSUS.PRG(161)  Warning C1003  Ambiguous reference: 'TOTREG'
PEGASSUS.PRG(161)  Warning C1004  Ambiguous reference, assuming memvar: 'ASMENU2'
PEGASSUS.PRG(162)  Warning C1004  Ambiguous reference, assuming memvar: 'TOTREG'
PEGASSUS.PRG(164)  Warning C1003  Ambiguous reference: 'TOTREG'
PEGASSUS.PRG(164)  Warning C1004  Ambiguous reference, assuming memvar: 'TOTREG'
PEGASSUS.PRG(164)  Warning C1003  Ambiguous reference: 'NRO_MODULO'
PEGASSUS.PRG(165)  Warning C1003  Ambiguous reference: 'TOTREG'
PEGASSUS.PRG(165)  Warning C1004  Ambiguous reference, assuming memvar: 'ASMENU3'
PEGASSUS.PRG(166)  Warning C1004  Ambiguous reference, assuming memvar: 'TOTREG'
PEGASSUS.PRG(168)  Warning C1003  Ambiguous reference: 'TOTREG'
PEGASSUS.PRG(168)  Warning C1004  Ambiguous reference, assuming memvar: 'TOTREG'
PEGASSUS.PRG(168)  Warning C1003  Ambiguous reference: 'NRO_MODULO'
PEGASSUS.PRG(169)  Warning C1003  Ambiguous reference: 'TOTREG'
PEGASSUS.PRG(169)  Warning C1004  Ambiguous reference, assuming memvar: 'ASMENU4'
PEGASSUS.PRG(170)  Warning C1004  Ambiguous reference, assuming memvar: 'TOTREG'
PEGASSUS.PRG(172)  Warning C1003  Ambiguous reference: 'TOTREG'
PEGASSUS.PRG(172)  Warning C1004  Ambiguous reference, assuming memvar: 'TOTREG'
PEGASSUS.PRG(172)  Warning C1003  Ambiguous reference: 'NRO_MODULO'
PEGASSUS.PRG(173)  Warning C1003  Ambiguous reference: 'TOTREG'
PEGASSUS.PRG(173)  Warning C1004  Ambiguous reference, assuming memvar: 'ASMENU5'
PEGASSUS.PRG(174)  Warning C1004  Ambiguous reference, assuming memvar: 'TOTREG'
PEGASSUS.PRG(176)  Warning C1003  Ambiguous reference: 'TOTREG'
PEGASSUS.PRG(176)  Warning C1004  Ambiguous reference, assuming memvar: 'TOTREG'
PEGASSUS.PRG(176)  Warning C1003  Ambiguous reference: 'NRO_MODULO'
PEGASSUS.PRG(177)  Warning C1003  Ambiguous reference: 'TOTREG'
PEGASSUS.PRG(177)  Warning C1004  Ambiguous reference, assuming memvar: 'ASMENU6'
PEGASSUS.PRG(179)  Warning C1004  Ambiguous reference, assuming memvar: 'JEG'
PEGASSUS.PRG(180)  Warning C1004  Ambiguous reference, assuming memvar: 'JREF'
PEGASSUS.PRG(181)  Warning C1004  Ambiguous reference, assuming memvar: 'JANCH1'
PEGASSUS.PRG(182)  Warning C1004  Ambiguous reference, assuming memvar: 'JANCH2'
PEGASSUS.PRG(183)  Warning C1004  Ambiguous reference, assuming memvar: 'JANCH3'
PEGASSUS.PRG(184)  Warning C1004  Ambiguous reference, assuming memvar: 'JANCH4'
PEGASSUS.PRG(185)  Warning C1004  Ambiguous reference, assuming memvar: 'JANCH5'
PEGASSUS.PRG(186)  Warning C1004  Ambiguous reference, assuming memvar: 'JANCH6'
PEGASSUS.PRG(188)  Warning C1003  Ambiguous reference: 'NRO_MODULO'
PEGASSUS.PRG(188)  Warning C1003  Ambiguous reference: 'JREF'
PEGASSUS.PRG(189)  Warning C1003  Ambiguous reference: 'NRO_MODULO'
PEGASSUS.PRG(189)  Warning C1004  Ambiguous reference, assuming memvar: 'JREF'
PEGASSUS.PRG(190)  Warning C1004  Ambiguous reference, assuming memvar: 'JEG'
PEGASSUS.PRG(193)  Warning C1003  Ambiguous reference: 'NRO_MODULO'
PEGASSUS.PRG(193)  Warning C1004  Ambiguous reference, assuming memvar: 'AESTAD'
PEGASSUS.PRG(194)  Warning C1003  Ambiguous reference: 'NRO_RUTINA'
PEGASSUS.PRG(194)  Warning C1004  Ambiguous reference, assuming memvar: 'ASMENU1'
PEGASSUS.PRG(194)  Warning C1003  Ambiguous reference: 'JEG'
PEGASSUS.PRG(195)  Warning C1003  Ambiguous reference: 'IDIOMA'
PEGASSUS.PRG(196)  Warning C1003  Ambiguous reference: 'NOM_RUTINA'
PEGASSUS.PRG(196)  Warning C1004  Ambiguous reference, assuming memvar: 'ASMENU1'
PEGASSUS.PRG(196)  Warning C1003  Ambiguous reference: 'JEG'
PEGASSUS.PRG(197)  Warning C1003  Ambiguous reference: 'MENSAJE'
PEGASSUS.PRG(197)  Warning C1004  Ambiguous reference, assuming memvar: 'ASMENU1'
PEGASSUS.PRG(197)  Warning C1003  Ambiguous reference: 'JEG'
PEGASSUS.PRG(199)  Warning C1003  Ambiguous reference: 'EXT_RUTINA'
PEGASSUS.PRG(199)  Warning C1004  Ambiguous reference, assuming memvar: 'ASMENU1'
PEGASSUS.PRG(199)  Warning C1003  Ambiguous reference: 'JEG'
PEGASSUS.PRG(200)  Warning C1003  Ambiguous reference: 'MENSAJE2'
PEGASSUS.PRG(200)  Warning C1004  Ambiguous reference, assuming memvar: 'ASMENU1'
PEGASSUS.PRG(200)  Warning C1003  Ambiguous reference: 'JEG'
PEGASSUS.PRG(202)  Warning C1003  Ambiguous reference: 'NIV_ACCESO'
PEGASSUS.PRG(202)  Warning C1004  Ambiguous reference, assuming memvar: 'ASMENU1'
PEGASSUS.PRG(202)  Warning C1003  Ambiguous reference: 'JEG'
PEGASSUS.PRG(203)  Warning C1003  Ambiguous reference: 'EJECUTA'
PEGASSUS.PRG(203)  Warning C1004  Ambiguous reference, assuming memvar: 'ASMENU1'
PEGASSUS.PRG(203)  Warning C1003  Ambiguous reference: 'JEG'
PEGASSUS.PRG(204)  Warning C1003  Ambiguous reference: 'NRO_MODULO'
PEGASSUS.PRG(204)  Warning C1004  Ambiguous reference, assuming memvar: 'ASMENU1'
PEGASSUS.PRG(204)  Warning C1003  Ambiguous reference: 'JEG'
PEGASSUS.PRG(205)  Warning C1003  Ambiguous reference: 'EJECUTOR'
PEGASSUS.PRG(205)  Warning C1004  Ambiguous reference, assuming memvar: 'ASMENU1'
PEGASSUS.PRG(205)  Warning C1003  Ambiguous reference: 'JEG'
PEGASSUS.PRG(206)  Warning C1004  Ambiguous reference, assuming memvar: 'ASMENU1'
PEGASSUS.PRG(206)  Warning C1003  Ambiguous reference: 'JEG'
PEGASSUS.PRG(206)  Warning C1003  Ambiguous reference: 'JANCH1'
PEGASSUS.PRG(207)  Warning C1004  Ambiguous reference, assuming memvar: 'ASMENU1'
PEGASSUS.PRG(207)  Warning C1003  Ambiguous reference: 'JEG'
PEGASSUS.PRG(207)  Warning C1004  Ambiguous reference, assuming memvar: 'JANCH1'
PEGASSUS.PRG(209)  Warning C1004  Ambiguous reference, assuming memvar: 'ASMENU1'
PEGASSUS.PRG(209)  Warning C1003  Ambiguous reference: 'JEG'
PEGASSUS.PRG(211)  Warning C1004  Ambiguous reference, assuming memvar: 'TOTREG'
PEGASSUS.PRG(213)  Warning C1003  Ambiguous reference: 'TOTREG'
PEGASSUS.PRG(213)  Warning C1004  Ambiguous reference, assuming memvar: 'TOTREG'
PEGASSUS.PRG(213)  Warning C1003  Ambiguous reference: 'NRO_RUTINA'
PEGASSUS.PRG(213)  Warning C1003  Ambiguous reference: 'JEG'
PEGASSUS.PRG(213)  Warning C1003  Ambiguous reference: 'NRO_MODULO'
PEGASSUS.PRG(214)  Warning C1004  Ambiguous reference, assuming memvar: 'ASMENU1'
PEGASSUS.PRG(214)  Warning C1003  Ambiguous reference: 'JEG'
PEGASSUS.PRG(214)  Warning C1004  Ambiguous reference, assuming memvar: 'NEWBASE'
PEGASSUS.PRG(215)  Warning C1003  Ambiguous reference: 'TOTREG'
PEGASSUS.PRG(215)  Warning C1004  Ambiguous reference, assuming memvar: 'NEWBASE'
PEGASSUS.PRG(215)  Warning C1004  Ambiguous reference, assuming memvar: 'NEWBASE'
PEGASSUS.PRG(217)  Warning C1003  Ambiguous reference: 'NRO_RUTINA'
PEGASSUS.PRG(217)  Warning C1003  Ambiguous reference: 'JEG'
PEGASSUS.PRG(217)  Warning C1003  Ambiguous reference: 'NRO_MODULO'
PEGASSUS.PRG(218)  Warning C1004  Ambiguous reference, assuming memvar: 'JUG'
PEGASSUS.PRG(219)  Warning C1003  Ambiguous reference: 'NRO_RUTINA'
PEGASSUS.PRG(219)  Warning C1003  Ambiguous reference: 'JEG'
PEGASSUS.PRG(219)  Warning C1003  Ambiguous reference: 'NRO_MODULO'
PEGASSUS.PRG(220)  Warning C1003  Ambiguous reference: 'NRO_SUBMEN'
PEGASSUS.PRG(220)  Warning C1004  Ambiguous reference, assuming memvar: 'NEWBASE'
PEGASSUS.PRG(220)  Warning C1003  Ambiguous reference: 'JUG'
PEGASSUS.PRG(221)  Warning C1003  Ambiguous reference: 'IDIOMA'
PEGASSUS.PRG(222)  Warning C1003  Ambiguous reference: 'NOM_SUBMEN'
PEGASSUS.PRG(222)  Warning C1004  Ambiguous reference, assuming memvar: 'NEWBASE'
PEGASSUS.PRG(222)  Warning C1003  Ambiguous reference: 'JUG'
PEGASSUS.PRG(223)  Warning C1003  Ambiguous reference: 'MENSAJE'
PEGASSUS.PRG(223)  Warning C1004  Ambiguous reference, assuming memvar: 'NEWBASE'
PEGASSUS.PRG(223)  Warning C1003  Ambiguous reference: 'JUG'
PEGASSUS.PRG(225)  Warning C1003  Ambiguous reference: 'EXT_SUBMEN'
PEGASSUS.PRG(225)  Warning C1004  Ambiguous reference, assuming memvar: 'NEWBASE'
PEGASSUS.PRG(225)  Warning C1003  Ambiguous reference: 'JUG'
PEGASSUS.PRG(226)  Warning C1003  Ambiguous reference: 'MENSAJE2'
PEGASSUS.PRG(226)  Warning C1004  Ambiguous reference, assuming memvar: 'NEWBASE'
PEGASSUS.PRG(226)  Warning C1003  Ambiguous reference: 'JUG'
PEGASSUS.PRG(228)  Warning C1003  Ambiguous reference: 'EJECUTA'
PEGASSUS.PRG(228)  Warning C1004  Ambiguous reference, assuming memvar: 'NEWBASE'
PEGASSUS.PRG(228)  Warning C1003  Ambiguous reference: 'JUG'
PEGASSUS.PRG(230)  Warning C1003  Ambiguous reference: 'JUG'
PEGASSUS.PRG(230)  Warning C1004  Ambiguous reference, assuming memvar: 'JUG'
PEGASSUS.PRG(234)  Warning C1003  Ambiguous reference: 'NRO_MODULO'
PEGASSUS.PRG(234)  Warning C1004  Ambiguous reference, assuming memvar: 'AESTAD'
PEGASSUS.PRG(235)  Warning C1003  Ambiguous reference: 'NRO_RUTINA'
PEGASSUS.PRG(235)  Warning C1004  Ambiguous reference, assuming memvar: 'ASMENU2'
PEGASSUS.PRG(235)  Warning C1003  Ambiguous reference: 'JEG'
PEGASSUS.PRG(236)  Warning C1003  Ambiguous reference: 'IDIOMA'
PEGASSUS.PRG(237)  Warning C1003  Ambiguous reference: 'NOM_RUTINA'
PEGASSUS.PRG(237)  Warning C1004  Ambiguous reference, assuming memvar: 'ASMENU2'
PEGASSUS.PRG(237)  Warning C1003  Ambiguous reference: 'JEG'
PEGASSUS.PRG(238)  Warning C1003  Ambiguous reference: 'MENSAJE'
PEGASSUS.PRG(238)  Warning C1004  Ambiguous reference, assuming memvar: 'ASMENU2'
PEGASSUS.PRG(238)  Warning C1003  Ambiguous reference: 'JEG'
PEGASSUS.PRG(240)  Warning C1003  Ambiguous reference: 'EXT_RUTINA'
PEGASSUS.PRG(240)  Warning C1004  Ambiguous reference, assuming memvar: 'ASMENU2'
PEGASSUS.PRG(240)  Warning C1003  Ambiguous reference: 'JEG'
PEGASSUS.PRG(241)  Warning C1003  Ambiguous reference: 'MENSAJE2'
PEGASSUS.PRG(241)  Warning C1004  Ambiguous reference, assuming memvar: 'ASMENU2'
PEGASSUS.PRG(241)  Warning C1003  Ambiguous reference: 'JEG'
PEGASSUS.PRG(243)  Warning C1003  Ambiguous reference: 'NIV_ACCESO'
PEGASSUS.PRG(243)  Warning C1004  Ambiguous reference, assuming memvar: 'ASMENU2'
PEGASSUS.PRG(243)  Warning C1003  Ambiguous reference: 'JEG'
PEGASSUS.PRG(244)  Warning C1003  Ambiguous reference: 'EJECUTA'
PEGASSUS.PRG(244)  Warning C1004  Ambiguous reference, assuming memvar: 'ASMENU2'
PEGASSUS.PRG(244)  Warning C1003  Ambiguous reference: 'JEG'
PEGASSUS.PRG(245)  Warning C1003  Ambiguous reference: 'NRO_MODULO'
PEGASSUS.PRG(245)  Warning C1004  Ambiguous reference, assuming memvar: 'ASMENU2'
PEGASSUS.PRG(245)  Warning C1003  Ambiguous reference: 'JEG'
PEGASSUS.PRG(246)  Warning C1003  Ambiguous reference: 'EJECUTOR'
PEGASSUS.PRG(246)  Warning C1004  Ambiguous reference, assuming memvar: 'ASMENU2'
PEGASSUS.PRG(246)  Warning C1003  Ambiguous reference: 'JEG'
PEGASSUS.PRG(247)  Warning C1004  Ambiguous reference, assuming memvar: 'ASMENU2'
PEGASSUS.PRG(247)  Warning C1003  Ambiguous reference: 'JEG'
PEGASSUS.PRG(247)  Warning C1003  Ambiguous reference: 'JANCH2'
PEGASSUS.PRG(248)  Warning C1004  Ambiguous reference, assuming memvar: 'ASMENU2'
PEGASSUS.PRG(248)  Warning C1003  Ambiguous reference: 'JEG'
PEGASSUS.PRG(248)  Warning C1004  Ambiguous reference, assuming memvar: 'JANCH2'
PEGASSUS.PRG(250)  Warning C1004  Ambiguous reference, assuming memvar: 'ASMENU2'
PEGASSUS.PRG(250)  Warning C1003  Ambiguous reference: 'JEG'
PEGASSUS.PRG(252)  Warning C1004  Ambiguous reference, assuming memvar: 'TOTREG'
PEGASSUS.PRG(254)  Warning C1003  Ambiguous reference: 'TOTREG'
PEGASSUS.PRG(254)  Warning C1004  Ambiguous reference, assuming memvar: 'TOTREG'
PEGASSUS.PRG(254)  Warning C1003  Ambiguous reference: 'NRO_RUTINA'
PEGASSUS.PRG(254)  Warning C1003  Ambiguous reference: 'JEG'
PEGASSUS.PRG(254)  Warning C1003  Ambiguous reference: 'NRO_MODULO'
PEGASSUS.PRG(255)  Warning C1004  Ambiguous reference, assuming memvar: 'ASMENU2'
PEGASSUS.PRG(255)  Warning C1003  Ambiguous reference: 'JEG'
PEGASSUS.PRG(255)  Warning C1004  Ambiguous reference, assuming memvar: 'NEWBASE'
PEGASSUS.PRG(256)  Warning C1003  Ambiguous reference: 'TOTREG'
PEGASSUS.PRG(256)  Warning C1004  Ambiguous reference, assuming memvar: 'NEWBASE'
PEGASSUS.PRG(256)  Warning C1004  Ambiguous reference, assuming memvar: 'NEWBASE'
PEGASSUS.PRG(258)  Warning C1003  Ambiguous reference: 'NRO_RUTINA'
PEGASSUS.PRG(258)  Warning C1003  Ambiguous reference: 'JEG'
PEGASSUS.PRG(258)  Warning C1003  Ambiguous reference: 'NRO_MODULO'
PEGASSUS.PRG(259)  Warning C1004  Ambiguous reference, assuming memvar: 'JUG'
PEGASSUS.PRG(260)  Warning C1003  Ambiguous reference: 'NRO_RUTINA'
PEGASSUS.PRG(260)  Warning C1003  Ambiguous reference: 'JEG'
PEGASSUS.PRG(260)  Warning C1003  Ambiguous reference: 'NRO_MODULO'
PEGASSUS.PRG(261)  Warning C1003  Ambiguous reference: 'NRO_SUBMEN'
PEGASSUS.PRG(261)  Warning C1004  Ambiguous reference, assuming memvar: 'NEWBASE'
PEGASSUS.PRG(261)  Warning C1003  Ambiguous reference: 'JUG'
PEGASSUS.PRG(262)  Warning C1003  Ambiguous reference: 'IDIOMA'
PEGASSUS.PRG(263)  Warning C1003  Ambiguous reference: 'NOM_SUBMEN'
PEGASSUS.PRG(263)  Warning C1004  Ambiguous reference, assuming memvar: 'NEWBASE'
PEGASSUS.PRG(263)  Warning C1003  Ambiguous reference: 'JUG'
PEGASSUS.PRG(264)  Warning C1003  Ambiguous reference: 'MENSAJE'
PEGASSUS.PRG(264)  Warning C1004  Ambiguous reference, assuming memvar: 'NEWBASE'
PEGASSUS.PRG(264)  Warning C1003  Ambiguous reference: 'JUG'
PEGASSUS.PRG(266)  Warning C1003  Ambiguous reference: 'EXT_SUBMEN'
PEGASSUS.PRG(266)  Warning C1004  Ambiguous reference, assuming memvar: 'NEWBASE'
PEGASSUS.PRG(266)  Warning C1003  Ambiguous reference: 'JUG'
PEGASSUS.PRG(267)  Warning C1003  Ambiguous reference: 'MENSAJE2'
PEGASSUS.PRG(267)  Warning C1004  Ambiguous reference, assuming memvar: 'NEWBASE'
PEGASSUS.PRG(267)  Warning C1003  Ambiguous reference: 'JUG'
PEGASSUS.PRG(269)  Warning C1003  Ambiguous reference: 'EJECUTA'
PEGASSUS.PRG(269)  Warning C1004  Ambiguous reference, assuming memvar: 'NEWBASE'
PEGASSUS.PRG(269)  Warning C1003  Ambiguous reference: 'JUG'
PEGASSUS.PRG(271)  Warning C1003  Ambiguous reference: 'JUG'
PEGASSUS.PRG(271)  Warning C1004  Ambiguous reference, assuming memvar: 'JUG'
PEGASSUS.PRG(275)  Warning C1003  Ambiguous reference: 'NRO_MODULO'
PEGASSUS.PRG(275)  Warning C1004  Ambiguous reference, assuming memvar: 'AESTAD'
PEGASSUS.PRG(276)  Warning C1003  Ambiguous reference: 'NRO_RUTINA'
PEGASSUS.PRG(276)  Warning C1004  Ambiguous reference, assuming memvar: 'ASMENU3'
PEGASSUS.PRG(276)  Warning C1003  Ambiguous reference: 'JEG'
PEGASSUS.PRG(277)  Warning C1003  Ambiguous reference: 'IDIOMA'
PEGASSUS.PRG(278)  Warning C1003  Ambiguous reference: 'NOM_RUTINA'
PEGASSUS.PRG(278)  Warning C1004  Ambiguous reference, assuming memvar: 'ASMENU3'
PEGASSUS.PRG(278)  Warning C1003  Ambiguous reference: 'JEG'
PEGASSUS.PRG(279)  Warning C1003  Ambiguous reference: 'MENSAJE'
PEGASSUS.PRG(279)  Warning C1004  Ambiguous reference, assuming memvar: 'ASMENU3'
PEGASSUS.PRG(279)  Warning C1003  Ambiguous reference: 'JEG'
PEGASSUS.PRG(281)  Warning C1003  Ambiguous reference: 'EXT_RUTINA'
PEGASSUS.PRG(281)  Warning C1004  Ambiguous reference, assuming memvar: 'ASMENU3'
PEGASSUS.PRG(281)  Warning C1003  Ambiguous reference: 'JEG'
PEGASSUS.PRG(282)  Warning C1003  Ambiguous reference: 'MENSAJE2'
PEGASSUS.PRG(282)  Warning C1004  Ambiguous reference, assuming memvar: 'ASMENU3'
PEGASSUS.PRG(282)  Warning C1003  Ambiguous reference: 'JEG'
PEGASSUS.PRG(284)  Warning C1003  Ambiguous reference: 'NIV_ACCESO'
PEGASSUS.PRG(284)  Warning C1004  Ambiguous reference, assuming memvar: 'ASMENU3'
PEGASSUS.PRG(284)  Warning C1003  Ambiguous reference: 'JEG'
PEGASSUS.PRG(285)  Warning C1003  Ambiguous reference: 'EJECUTA'
PEGASSUS.PRG(285)  Warning C1004  Ambiguous reference, assuming memvar: 'ASMENU3'
PEGASSUS.PRG(285)  Warning C1003  Ambiguous reference: 'JEG'
PEGASSUS.PRG(286)  Warning C1003  Ambiguous reference: 'NRO_MODULO'
PEGASSUS.PRG(286)  Warning C1004  Ambiguous reference, assuming memvar: 'ASMENU3'
PEGASSUS.PRG(286)  Warning C1003  Ambiguous reference: 'JEG'
PEGASSUS.PRG(287)  Warning C1003  Ambiguous reference: 'EJECUTOR'
PEGASSUS.PRG(287)  Warning C1004  Ambiguous reference, assuming memvar: 'ASMENU3'
PEGASSUS.PRG(287)  Warning C1003  Ambiguous reference: 'JEG'
PEGASSUS.PRG(288)  Warning C1004  Ambiguous reference, assuming memvar: 'ASMENU3'
PEGASSUS.PRG(288)  Warning C1003  Ambiguous reference: 'JEG'
PEGASSUS.PRG(288)  Warning C1003  Ambiguous reference: 'JANCH3'
PEGASSUS.PRG(289)  Warning C1004  Ambiguous reference, assuming memvar: 'ASMENU3'
PEGASSUS.PRG(289)  Warning C1003  Ambiguous reference: 'JEG'
PEGASSUS.PRG(289)  Warning C1004  Ambiguous reference, assuming memvar: 'JANCH3'
PEGASSUS.PRG(291)  Warning C1004  Ambiguous reference, assuming memvar: 'ASMENU3'
PEGASSUS.PRG(291)  Warning C1003  Ambiguous reference: 'JEG'
PEGASSUS.PRG(293)  Warning C1004  Ambiguous reference, assuming memvar: 'TOTREG'
PEGASSUS.PRG(295)  Warning C1003  Ambiguous reference: 'TOTREG'
PEGASSUS.PRG(295)  Warning C1004  Ambiguous reference, assuming memvar: 'TOTREG'
PEGASSUS.PRG(295)  Warning C1003  Ambiguous reference: 'NRO_RUTINA'
PEGASSUS.PRG(295)  Warning C1003  Ambiguous reference: 'JEG'
PEGASSUS.PRG(295)  Warning C1003  Ambiguous reference: 'NRO_MODULO'
PEGASSUS.PRG(296)  Warning C1004  Ambiguous reference, assuming memvar: 'ASMENU3'
PEGASSUS.PRG(296)  Warning C1003  Ambiguous reference: 'JEG'
PEGASSUS.PRG(296)  Warning C1004  Ambiguous reference, assuming memvar: 'NEWBASE'
PEGASSUS.PRG(297)  Warning C1003  Ambiguous reference: 'TOTREG'
PEGASSUS.PRG(297)  Warning C1004  Ambiguous reference, assuming memvar: 'NEWBASE'
PEGASSUS.PRG(297)  Warning C1004  Ambiguous reference, assuming memvar: 'NEWBASE'
PEGASSUS.PRG(299)  Warning C1003  Ambiguous reference: 'NRO_RUTINA'
PEGASSUS.PRG(299)  Warning C1003  Ambiguous reference: 'JEG'
PEGASSUS.PRG(299)  Warning C1003  Ambiguous reference: 'NRO_MODULO'
PEGASSUS.PRG(300)  Warning C1004  Ambiguous reference, assuming memvar: 'JUG'
PEGASSUS.PRG(301)  Warning C1003  Ambiguous reference: 'NRO_RUTINA'
PEGASSUS.PRG(301)  Warning C1003  Ambiguous reference: 'JEG'
PEGASSUS.PRG(301)  Warning C1003  Ambiguous reference: 'NRO_MODULO'
PEGASSUS.PRG(302)  Warning C1003  Ambiguous reference: 'NRO_SUBMEN'
PEGASSUS.PRG(302)  Warning C1004  Ambiguous reference, assuming memvar: 'NEWBASE'
PEGASSUS.PRG(302)  Warning C1003  Ambiguous reference: 'JUG'
PEGASSUS.PRG(303)  Warning C1003  Ambiguous reference: 'IDIOMA'
PEGASSUS.PRG(304)  Warning C1003  Ambiguous reference: 'NOM_SUBMEN'
PEGASSUS.PRG(304)  Warning C1004  Ambiguous reference, assuming memvar: 'NEWBASE'
PEGASSUS.PRG(304)  Warning C1003  Ambiguous reference: 'JUG'
PEGASSUS.PRG(305)  Warning C1003  Ambiguous reference: 'MENSAJE'
PEGASSUS.PRG(305)  Warning C1004  Ambiguous reference, assuming memvar: 'NEWBASE'
PEGASSUS.PRG(305)  Warning C1003  Ambiguous reference: 'JUG'
PEGASSUS.PRG(307)  Warning C1003  Ambiguous reference: 'EXT_SUBMEN'
PEGASSUS.PRG(307)  Warning C1004  Ambiguous reference, assuming memvar: 'NEWBASE'
PEGASSUS.PRG(307)  Warning C1003  Ambiguous reference: 'JUG'
PEGASSUS.PRG(308)  Warning C1003  Ambiguous reference: 'MENSAJE2'
PEGASSUS.PRG(308)  Warning C1004  Ambiguous reference, assuming memvar: 'NEWBASE'
PEGASSUS.PRG(308)  Warning C1003  Ambiguous reference: 'JUG'
PEGASSUS.PRG(310)  Warning C1003  Ambiguous reference: 'EJECUTA'
PEGASSUS.PRG(310)  Warning C1004  Ambiguous reference, assuming memvar: 'NEWBASE'
PEGASSUS.PRG(310)  Warning C1003  Ambiguous reference: 'JUG'
PEGASSUS.PRG(312)  Warning C1003  Ambiguous reference: 'JUG'
PEGASSUS.PRG(312)  Warning C1004  Ambiguous reference, assuming memvar: 'JUG'
PEGASSUS.PRG(316)  Warning C1003  Ambiguous reference: 'NRO_MODULO'
PEGASSUS.PRG(316)  Warning C1004  Ambiguous reference, assuming memvar: 'AESTAD'
PEGASSUS.PRG(317)  Warning C1003  Ambiguous reference: 'NRO_RUTINA'
PEGASSUS.PRG(317)  Warning C1004  Ambiguous reference, assuming memvar: 'ASMENU4'
PEGASSUS.PRG(317)  Warning C1003  Ambiguous reference: 'JEG'
PEGASSUS.PRG(318)  Warning C1003  Ambiguous reference: 'IDIOMA'
PEGASSUS.PRG(319)  Warning C1003  Ambiguous reference: 'NOM_RUTINA'
PEGASSUS.PRG(319)  Warning C1004  Ambiguous reference, assuming memvar: 'ASMENU4'
PEGASSUS.PRG(319)  Warning C1003  Ambiguous reference: 'JEG'
PEGASSUS.PRG(320)  Warning C1003  Ambiguous reference: 'MENSAJE'
PEGASSUS.PRG(320)  Warning C1004  Ambiguous reference, assuming memvar: 'ASMENU4'
PEGASSUS.PRG(320)  Warning C1003  Ambiguous reference: 'JEG'
PEGASSUS.PRG(322)  Warning C1003  Ambiguous reference: 'EXT_RUTINA'
PEGASSUS.PRG(322)  Warning C1004  Ambiguous reference, assuming memvar: 'ASMENU4'
PEGASSUS.PRG(322)  Warning C1003  Ambiguous reference: 'JEG'
PEGASSUS.PRG(323)  Warning C1003  Ambiguous reference: 'MENSAJE2'
PEGASSUS.PRG(323)  Warning C1004  Ambiguous reference, assuming memvar: 'ASMENU4'
PEGASSUS.PRG(323)  Warning C1003  Ambiguous reference: 'JEG'
PEGASSUS.PRG(325)  Warning C1003  Ambiguous reference: 'NIV_ACCESO'
PEGASSUS.PRG(325)  Warning C1004  Ambiguous reference, assuming memvar: 'ASMENU4'
PEGASSUS.PRG(325)  Warning C1003  Ambiguous reference: 'JEG'
PEGASSUS.PRG(326)  Warning C1003  Ambiguous reference: 'EJECUTA'
PEGASSUS.PRG(326)  Warning C1004  Ambiguous reference, assuming memvar: 'ASMENU4'
PEGASSUS.PRG(326)  Warning C1003  Ambiguous reference: 'JEG'
PEGASSUS.PRG(327)  Warning C1003  Ambiguous reference: 'NRO_MODULO'
PEGASSUS.PRG(327)  Warning C1004  Ambiguous reference, assuming memvar: 'ASMENU4'
PEGASSUS.PRG(327)  Warning C1003  Ambiguous reference: 'JEG'
PEGASSUS.PRG(328)  Warning C1003  Ambiguous reference: 'EJECUTOR'
PEGASSUS.PRG(328)  Warning C1004  Ambiguous reference, assuming memvar: 'ASMENU4'
PEGASSUS.PRG(328)  Warning C1003  Ambiguous reference: 'JEG'
PEGASSUS.PRG(329)  Warning C1004  Ambiguous reference, assuming memvar: 'ASMENU4'
PEGASSUS.PRG(329)  Warning C1003  Ambiguous reference: 'JEG'
PEGASSUS.PRG(329)  Warning C1003  Ambiguous reference: 'JANCH4'
PEGASSUS.PRG(330)  Warning C1004  Ambiguous reference, assuming memvar: 'ASMENU4'
PEGASSUS.PRG(330)  Warning C1003  Ambiguous reference: 'JEG'
PEGASSUS.PRG(330)  Warning C1004  Ambiguous reference, assuming memvar: 'JANCH4'
PEGASSUS.PRG(332)  Warning C1004  Ambiguous reference, assuming memvar: 'ASMENU4'
PEGASSUS.PRG(332)  Warning C1003  Ambiguous reference: 'JEG'
PEGASSUS.PRG(334)  Warning C1004  Ambiguous reference, assuming memvar: 'TOTREG'
PEGASSUS.PRG(336)  Warning C1003  Ambiguous reference: 'TOTREG'
PEGASSUS.PRG(336)  Warning C1004  Ambiguous reference, assuming memvar: 'TOTREG'
PEGASSUS.PRG(336)  Warning C1003  Ambiguous reference: 'NRO_RUTINA'
PEGASSUS.PRG(336)  Warning C1003  Ambiguous reference: 'JEG'
PEGASSUS.PRG(336)  Warning C1003  Ambiguous reference: 'NRO_MODULO'
PEGASSUS.PRG(337)  Warning C1004  Ambiguous reference, assuming memvar: 'ASMENU4'
PEGASSUS.PRG(337)  Warning C1003  Ambiguous reference: 'JEG'
PEGASSUS.PRG(337)  Warning C1004  Ambiguous reference, assuming memvar: 'NEWBASE'
PEGASSUS.PRG(338)  Warning C1003  Ambiguous reference: 'TOTREG'
PEGASSUS.PRG(338)  Warning C1004  Ambiguous reference, assuming memvar: 'NEWBASE'
PEGASSUS.PRG(338)  Warning C1004  Ambiguous reference, assuming memvar: 'NEWBASE'
PEGASSUS.PRG(340)  Warning C1003  Ambiguous reference: 'NRO_RUTINA'
PEGASSUS.PRG(340)  Warning C1003  Ambiguous reference: 'JEG'
PEGASSUS.PRG(340)  Warning C1003  Ambiguous reference: 'NRO_MODULO'
PEGASSUS.PRG(341)  Warning C1004  Ambiguous reference, assuming memvar: 'JUG'
PEGASSUS.PRG(342)  Warning C1003  Ambiguous reference: 'NRO_RUTINA'
PEGASSUS.PRG(342)  Warning C1003  Ambiguous reference: 'JEG'
PEGASSUS.PRG(342)  Warning C1003  Ambiguous reference: 'NRO_MODULO'
PEGASSUS.PRG(343)  Warning C1003  Ambiguous reference: 'NRO_SUBMEN'
PEGASSUS.PRG(343)  Warning C1004  Ambiguous reference, assuming memvar: 'NEWBASE'
PEGASSUS.PRG(343)  Warning C1003  Ambiguous reference: 'JUG'
PEGASSUS.PRG(344)  Warning C1003  Ambiguous reference: 'IDIOMA'
PEGASSUS.PRG(345)  Warning C1003  Ambiguous reference: 'NOM_SUBMEN'
PEGASSUS.PRG(345)  Warning C1004  Ambiguous reference, assuming memvar: 'NEWBASE'
PEGASSUS.PRG(345)  Warning C1003  Ambiguous reference: 'JUG'
PEGASSUS.PRG(346)  Warning C1003  Ambiguous reference: 'MENSAJE'
PEGASSUS.PRG(346)  Warning C1004  Ambiguous reference, assuming memvar: 'NEWBASE'
PEGASSUS.PRG(346)  Warning C1003  Ambiguous reference: 'JUG'
PEGASSUS.PRG(348)  Warning C1003  Ambiguous reference: 'EXT_SUBMEN'
PEGASSUS.PRG(348)  Warning C1004  Ambiguous reference, assuming memvar: 'NEWBASE'
PEGASSUS.PRG(348)  Warning C1003  Ambiguous reference: 'JUG'
PEGASSUS.PRG(349)  Warning C1003  Ambiguous reference: 'MENSAJE2'
PEGASSUS.PRG(349)  Warning C1004  Ambiguous reference, assuming memvar: 'NEWBASE'
PEGASSUS.PRG(349)  Warning C1003  Ambiguous reference: 'JUG'
PEGASSUS.PRG(351)  Warning C1003  Ambiguous reference: 'EJECUTA'
PEGASSUS.PRG(351)  Warning C1004  Ambiguous reference, assuming memvar: 'NEWBASE'
PEGASSUS.PRG(351)  Warning C1003  Ambiguous reference: 'JUG'
PEGASSUS.PRG(353)  Warning C1003  Ambiguous reference: 'JUG'
PEGASSUS.PRG(353)  Warning C1004  Ambiguous reference, assuming memvar: 'JUG'
PEGASSUS.PRG(357)  Warning C1003  Ambiguous reference: 'NRO_MODULO'
PEGASSUS.PRG(357)  Warning C1004  Ambiguous reference, assuming memvar: 'AESTAD'
PEGASSUS.PRG(358)  Warning C1003  Ambiguous reference: 'NRO_RUTINA'
PEGASSUS.PRG(358)  Warning C1004  Ambiguous reference, assuming memvar: 'ASMENU5'
PEGASSUS.PRG(358)  Warning C1003  Ambiguous reference: 'JEG'
PEGASSUS.PRG(359)  Warning C1003  Ambiguous reference: 'IDIOMA'
PEGASSUS.PRG(360)  Warning C1003  Ambiguous reference: 'NOM_RUTINA'
PEGASSUS.PRG(360)  Warning C1004  Ambiguous reference, assuming memvar: 'ASMENU5'
PEGASSUS.PRG(360)  Warning C1003  Ambiguous reference: 'JEG'
PEGASSUS.PRG(361)  Warning C1003  Ambiguous reference: 'MENSAJE'
PEGASSUS.PRG(361)  Warning C1004  Ambiguous reference, assuming memvar: 'ASMENU5'
PEGASSUS.PRG(361)  Warning C1003  Ambiguous reference: 'JEG'
PEGASSUS.PRG(363)  Warning C1003  Ambiguous reference: 'EXT_RUTINA'
PEGASSUS.PRG(363)  Warning C1004  Ambiguous reference, assuming memvar: 'ASMENU5'
PEGASSUS.PRG(363)  Warning C1003  Ambiguous reference: 'JEG'
PEGASSUS.PRG(364)  Warning C1003  Ambiguous reference: 'MENSAJE2'
PEGASSUS.PRG(364)  Warning C1004  Ambiguous reference, assuming memvar: 'ASMENU5'
PEGASSUS.PRG(364)  Warning C1003  Ambiguous reference: 'JEG'
PEGASSUS.PRG(366)  Warning C1003  Ambiguous reference: 'NIV_ACCESO'
PEGASSUS.PRG(366)  Warning C1004  Ambiguous reference, assuming memvar: 'ASMENU5'
PEGASSUS.PRG(366)  Warning C1003  Ambiguous reference: 'JEG'
PEGASSUS.PRG(367)  Warning C1003  Ambiguous reference: 'EJECUTA'
PEGASSUS.PRG(367)  Warning C1004  Ambiguous reference, assuming memvar: 'ASMENU5'
PEGASSUS.PRG(367)  Warning C1003  Ambiguous reference: 'JEG'
PEGASSUS.PRG(368)  Warning C1003  Ambiguous reference: 'NRO_MODULO'
PEGASSUS.PRG(368)  Warning C1004  Ambiguous reference, assuming memvar: 'ASMENU5'
PEGASSUS.PRG(368)  Warning C1003  Ambiguous reference: 'JEG'
PEGASSUS.PRG(369)  Warning C1003  Ambiguous reference: 'EJECUTOR'
PEGASSUS.PRG(369)  Warning C1004  Ambiguous reference, assuming memvar: 'ASMENU5'
PEGASSUS.PRG(369)  Warning C1003  Ambiguous reference: 'JEG'
PEGASSUS.PRG(370)  Warning C1004  Ambiguous reference, assuming memvar: 'ASMENU5'
PEGASSUS.PRG(370)  Warning C1003  Ambiguous reference: 'JEG'
PEGASSUS.PRG(370)  Warning C1003  Ambiguous reference: 'JANCH5'
PEGASSUS.PRG(371)  Warning C1004  Ambiguous reference, assuming memvar: 'ASMENU5'
PEGASSUS.PRG(371)  Warning C1003  Ambiguous reference: 'JEG'
PEGASSUS.PRG(371)  Warning C1004  Ambiguous reference, assuming memvar: 'JANCH5'
PEGASSUS.PRG(373)  Warning C1004  Ambiguous reference, assuming memvar: 'ASMENU5'
PEGASSUS.PRG(373)  Warning C1003  Ambiguous reference: 'JEG'
PEGASSUS.PRG(375)  Warning C1004  Ambiguous reference, assuming memvar: 'TOTREG'
PEGASSUS.PRG(377)  Warning C1003  Ambiguous reference: 'TOTREG'
PEGASSUS.PRG(377)  Warning C1004  Ambiguous reference, assuming memvar: 'TOTREG'
PEGASSUS.PRG(377)  Warning C1003  Ambiguous reference: 'NRO_RUTINA'
PEGASSUS.PRG(377)  Warning C1003  Ambiguous reference: 'JEG'
PEGASSUS.PRG(377)  Warning C1003  Ambiguous reference: 'NRO_MODULO'
PEGASSUS.PRG(378)  Warning C1004  Ambiguous reference, assuming memvar: 'ASMENU5'
PEGASSUS.PRG(378)  Warning C1003  Ambiguous reference: 'JEG'
PEGASSUS.PRG(378)  Warning C1004  Ambiguous reference, assuming memvar: 'NEWBASE'
PEGASSUS.PRG(379)  Warning C1003  Ambiguous reference: 'TOTREG'
PEGASSUS.PRG(379)  Warning C1004  Ambiguous reference, assuming memvar: 'NEWBASE'
PEGASSUS.PRG(379)  Warning C1004  Ambiguous reference, assuming memvar: 'NEWBASE'
PEGASSUS.PRG(381)  Warning C1003  Ambiguous reference: 'NRO_RUTINA'
PEGASSUS.PRG(381)  Warning C1003  Ambiguous reference: 'JEG'
PEGASSUS.PRG(381)  Warning C1003  Ambiguous reference: 'NRO_MODULO'
PEGASSUS.PRG(382)  Warning C1004  Ambiguous reference, assuming memvar: 'JUG'
PEGASSUS.PRG(383)  Warning C1003  Ambiguous reference: 'NRO_RUTINA'
PEGASSUS.PRG(383)  Warning C1003  Ambiguous reference: 'JEG'
PEGASSUS.PRG(383)  Warning C1003  Ambiguous reference: 'NRO_MODULO'
PEGASSUS.PRG(384)  Warning C1003  Ambiguous reference: 'NRO_SUBMEN'
PEGASSUS.PRG(384)  Warning C1004  Ambiguous reference, assuming memvar: 'NEWBASE'
PEGASSUS.PRG(384)  Warning C1003  Ambiguous reference: 'JUG'
PEGASSUS.PRG(385)  Warning C1003  Ambiguous reference: 'IDIOMA'
PEGASSUS.PRG(386)  Warning C1003  Ambiguous reference: 'NOM_SUBMEN'
PEGASSUS.PRG(386)  Warning C1004  Ambiguous reference, assuming memvar: 'NEWBASE'
PEGASSUS.PRG(386)  Warning C1003  Ambiguous reference: 'JUG'
PEGASSUS.PRG(387)  Warning C1003  Ambiguous reference: 'MENSAJE'
PEGASSUS.PRG(387)  Warning C1004  Ambiguous reference, assuming memvar: 'NEWBASE'
PEGASSUS.PRG(387)  Warning C1003  Ambiguous reference: 'JUG'
PEGASSUS.PRG(389)  Warning C1003  Ambiguous reference: 'EXT_SUBMEN'
PEGASSUS.PRG(389)  Warning C1004  Ambiguous reference, assuming memvar: 'NEWBASE'
PEGASSUS.PRG(389)  Warning C1003  Ambiguous reference: 'JUG'
PEGASSUS.PRG(390)  Warning C1003  Ambiguous reference: 'MENSAJE2'
PEGASSUS.PRG(390)  Warning C1004  Ambiguous reference, assuming memvar: 'NEWBASE'
PEGASSUS.PRG(390)  Warning C1003  Ambiguous reference: 'JUG'
PEGASSUS.PRG(392)  Warning C1003  Ambiguous reference: 'EJECUTA'
PEGASSUS.PRG(392)  Warning C1004  Ambiguous reference, assuming memvar: 'NEWBASE'
PEGASSUS.PRG(392)  Warning C1003  Ambiguous reference: 'JUG'
PEGASSUS.PRG(394)  Warning C1003  Ambiguous reference: 'JUG'
PEGASSUS.PRG(394)  Warning C1004  Ambiguous reference, assuming memvar: 'JUG'
PEGASSUS.PRG(398)  Warning C1003  Ambiguous reference: 'NRO_MODULO'
PEGASSUS.PRG(398)  Warning C1004  Ambiguous reference, assuming memvar: 'AESTAD'
PEGASSUS.PRG(399)  Warning C1003  Ambiguous reference: 'NRO_RUTINA'
PEGASSUS.PRG(399)  Warning C1004  Ambiguous reference, assuming memvar: 'ASMENU6'
PEGASSUS.PRG(399)  Warning C1003  Ambiguous reference: 'JEG'
PEGASSUS.PRG(400)  Warning C1003  Ambiguous reference: 'IDIOMA'
PEGASSUS.PRG(401)  Warning C1003  Ambiguous reference: 'NOM_RUTINA'
PEGASSUS.PRG(401)  Warning C1004  Ambiguous reference, assuming memvar: 'ASMENU6'
PEGASSUS.PRG(401)  Warning C1003  Ambiguous reference: 'JEG'
PEGASSUS.PRG(402)  Warning C1003  Ambiguous reference: 'MENSAJE'
PEGASSUS.PRG(402)  Warning C1004  Ambiguous reference, assuming memvar: 'ASMENU6'
PEGASSUS.PRG(402)  Warning C1003  Ambiguous reference: 'JEG'
PEGASSUS.PRG(404)  Warning C1003  Ambiguous reference: 'EXT_RUTINA'
PEGASSUS.PRG(404)  Warning C1004  Ambiguous reference, assuming memvar: 'ASMENU6'
PEGASSUS.PRG(404)  Warning C1003  Ambiguous reference: 'JEG'
PEGASSUS.PRG(405)  Warning C1003  Ambiguous reference: 'MENSAJE2'
PEGASSUS.PRG(405)  Warning C1004  Ambiguous reference, assuming memvar: 'ASMENU6'
PEGASSUS.PRG(405)  Warning C1003  Ambiguous reference: 'JEG'
PEGASSUS.PRG(407)  Warning C1003  Ambiguous reference: 'NIV_ACCESO'
PEGASSUS.PRG(407)  Warning C1004  Ambiguous reference, assuming memvar: 'ASMENU6'
PEGASSUS.PRG(407)  Warning C1003  Ambiguous reference: 'JEG'
PEGASSUS.PRG(408)  Warning C1003  Ambiguous reference: 'EJECUTA'
PEGASSUS.PRG(408)  Warning C1004  Ambiguous reference, assuming memvar: 'ASMENU6'
PEGASSUS.PRG(408)  Warning C1003  Ambiguous reference: 'JEG'
PEGASSUS.PRG(409)  Warning C1003  Ambiguous reference: 'NRO_MODULO'
PEGASSUS.PRG(409)  Warning C1004  Ambiguous reference, assuming memvar: 'ASMENU6'
PEGASSUS.PRG(409)  Warning C1003  Ambiguous reference: 'JEG'
PEGASSUS.PRG(410)  Warning C1003  Ambiguous reference: 'EJECUTOR'
PEGASSUS.PRG(410)  Warning C1004  Ambiguous reference, assuming memvar: 'ASMENU6'
PEGASSUS.PRG(410)  Warning C1003  Ambiguous reference: 'JEG'
PEGASSUS.PRG(411)  Warning C1004  Ambiguous reference, assuming memvar: 'ASMENU6'
PEGASSUS.PRG(411)  Warning C1003  Ambiguous reference: 'JEG'
PEGASSUS.PRG(411)  Warning C1003  Ambiguous reference: 'JANCH6'
PEGASSUS.PRG(412)  Warning C1004  Ambiguous reference, assuming memvar: 'ASMENU6'
PEGASSUS.PRG(412)  Warning C1003  Ambiguous reference: 'JEG'
PEGASSUS.PRG(412)  Warning C1004  Ambiguous reference, assuming memvar: 'JANCH6'
PEGASSUS.PRG(414)  Warning C1004  Ambiguous reference, assuming memvar: 'ASMENU6'
PEGASSUS.PRG(414)  Warning C1003  Ambiguous reference: 'JEG'
PEGASSUS.PRG(416)  Warning C1004  Ambiguous reference, assuming memvar: 'TOTREG'
PEGASSUS.PRG(418)  Warning C1003  Ambiguous reference: 'TOTREG'
PEGASSUS.PRG(418)  Warning C1004  Ambiguous reference, assuming memvar: 'TOTREG'
PEGASSUS.PRG(418)  Warning C1003  Ambiguous reference: 'NRO_RUTINA'
PEGASSUS.PRG(418)  Warning C1003  Ambiguous reference: 'JEG'
PEGASSUS.PRG(418)  Warning C1003  Ambiguous reference: 'NRO_MODULO'
PEGASSUS.PRG(419)  Warning C1004  Ambiguous reference, assuming memvar: 'ASMENU6'
PEGASSUS.PRG(419)  Warning C1003  Ambiguous reference: 'JEG'
PEGASSUS.PRG(419)  Warning C1004  Ambiguous reference, assuming memvar: 'NEWBASE'
PEGASSUS.PRG(420)  Warning C1003  Ambiguous reference: 'TOTREG'
PEGASSUS.PRG(420)  Warning C1004  Ambiguous reference, assuming memvar: 'NEWBASE'
PEGASSUS.PRG(420)  Warning C1004  Ambiguous reference, assuming memvar: 'NEWBASE'
PEGASSUS.PRG(422)  Warning C1003  Ambiguous reference: 'NRO_RUTINA'
PEGASSUS.PRG(422)  Warning C1003  Ambiguous reference: 'JEG'
PEGASSUS.PRG(422)  Warning C1003  Ambiguous reference: 'NRO_MODULO'
PEGASSUS.PRG(423)  Warning C1004  Ambiguous reference, assuming memvar: 'JUG'
PEGASSUS.PRG(424)  Warning C1003  Ambiguous reference: 'NRO_RUTINA'
PEGASSUS.PRG(424)  Warning C1003  Ambiguous reference: 'JEG'
PEGASSUS.PRG(424)  Warning C1003  Ambiguous reference: 'NRO_MODULO'
PEGASSUS.PRG(425)  Warning C1003  Ambiguous reference: 'NRO_SUBMEN'
PEGASSUS.PRG(425)  Warning C1004  Ambiguous reference, assuming memvar: 'NEWBASE'
PEGASSUS.PRG(425)  Warning C1003  Ambiguous reference: 'JUG'
PEGASSUS.PRG(426)  Warning C1003  Ambiguous reference: 'IDIOMA'
PEGASSUS.PRG(427)  Warning C1003  Ambiguous reference: 'NOM_SUBMEN'
PEGASSUS.PRG(427)  Warning C1004  Ambiguous reference, assuming memvar: 'NEWBASE'
PEGASSUS.PRG(427)  Warning C1003  Ambiguous reference: 'JUG'
PEGASSUS.PRG(428)  Warning C1003  Ambiguous reference: 'MENSAJE'
PEGASSUS.PRG(428)  Warning C1004  Ambiguous reference, assuming memvar: 'NEWBASE'
PEGASSUS.PRG(428)  Warning C1003  Ambiguous reference: 'JUG'
PEGASSUS.PRG(430)  Warning C1003  Ambiguous reference: 'EXT_SUBMEN'
PEGASSUS.PRG(430)  Warning C1004  Ambiguous reference, assuming memvar: 'NEWBASE'
PEGASSUS.PRG(430)  Warning C1003  Ambiguous reference: 'JUG'
PEGASSUS.PRG(431)  Warning C1003  Ambiguous reference: 'MENSAJE2'
PEGASSUS.PRG(431)  Warning C1004  Ambiguous reference, assuming memvar: 'NEWBASE'
PEGASSUS.PRG(431)  Warning C1003  Ambiguous reference: 'JUG'
PEGASSUS.PRG(433)  Warning C1003  Ambiguous reference: 'EJECUTA'
PEGASSUS.PRG(433)  Warning C1004  Ambiguous reference, assuming memvar: 'NEWBASE'
PEGASSUS.PRG(433)  Warning C1003  Ambiguous reference: 'JUG'
PEGASSUS.PRG(435)  Warning C1003  Ambiguous reference: 'JUG'
PEGASSUS.PRG(435)  Warning C1004  Ambiguous reference, assuming memvar: 'JUG'
PEGASSUS.PRG(440)  Warning C1003  Ambiguous reference: 'JEG'
PEGASSUS.PRG(440)  Warning C1004  Ambiguous reference, assuming memvar: 'JEG'
PEGASSUS.PRG(445)  Warning C1004  Ambiguous reference, assuming memvar: 'NUMOPER'
PEGASSUS.PRG(446)  Warning C1004  Ambiguous reference, assuming memvar: 'NOMOPER'
PEGASSUS.PRG(447)  Warning C1003  Ambiguous reference: 'IUSUAR'
PEGASSUS.PRG(448)  Warning C1003  Ambiguous reference: 'IDIREC'
PEGASSUS.PRG(450)  Warning C1004  Ambiguous reference, assuming memvar: 'GETLIST'
PEGASSUS.PRG(452)  Warning C1004  Ambiguous reference, assuming memvar: 'PASS'
PEGASSUS.PRG(453)  Warning C1004  Ambiguous reference, assuming memvar: 'Y'
PEGASSUS.PRG(454)  Warning C1004  Ambiguous reference, assuming memvar: 'Y'
PEGASSUS.PRG(454)  Warning C1004  Ambiguous reference, assuming memvar: 'Y'
PEGASSUS.PRG(454)  Warning C1004  Ambiguous reference, assuming memvar: 'Y'
PEGASSUS.PRG(454)  Warning C1003  Ambiguous reference: 'Y'
PEGASSUS.PRG(455)  Warning C1004  Ambiguous reference, assuming memvar: 'NUMOPER'
PEGASSUS.PRG(456)  Warning C1004  Ambiguous reference, assuming memvar: 'NOMOPER'
PEGASSUS.PRG(457)  Warning C1004  Ambiguous reference, assuming memvar: 'CLAOPER'
PEGASSUS.PRG(461)  Warning C1004  Ambiguous reference, assuming memvar: 'AFRASES'
PEGASSUS.PRG(463)  Warning C1003  Ambiguous reference: 'GETLIST'
PEGASSUS.PRG(463)  Warning C1003  Ambiguous reference: 'NOMOPER'
PEGASSUS.PRG(464)  Warning C1003  Ambiguous reference: 'GETLIST'
PEGASSUS.PRG(464)  Warning C1004  Ambiguous reference, assuming memvar: 'GETLIST'
PEGASSUS.PRG(469)  Warning C1004  Ambiguous reference, assuming memvar: 'GETLIST'
PEGASSUS.PRG(471)  Warning C1003  Ambiguous reference: 'PINICIO'
PEGASSUS.PRG(475)  Warning C1003  Ambiguous reference: 'USUARIO'
PEGASSUS.PRG(475)  Warning C1003  Ambiguous reference: 'NOMOPER'
PEGASSUS.PRG(477)  Warning C1004  Ambiguous reference, assuming memvar: 'NUMOPER'
PEGASSUS.PRG(478)  Warning C1003  Ambiguous reference: 'NIV_ACCESO'
PEGASSUS.PRG(478)  Warning C1004  Ambiguous reference, assuming memvar: 'JNIVOP'
PEGASSUS.PRG(479)  Warning C1003  Ambiguous reference: 'CLAVE'
PEGASSUS.PRG(479)  Warning C1004  Ambiguous reference, assuming memvar: 'REFCLAVE'
PEGASSUS.PRG(481)  Warning C1004  Ambiguous reference, assuming memvar: 'AFRASES'
PEGASSUS.PRG(483)  Warning C1003  Ambiguous reference: 'GETLIST'
PEGASSUS.PRG(483)  Warning C1003  Ambiguous reference: 'CLAOPER'
PEGASSUS.PRG(484)  Warning C1003  Ambiguous reference: 'GETLIST'
PEGASSUS.PRG(484)  Warning C1004  Ambiguous reference, assuming memvar: 'GETLIST'
PEGASSUS.PRG(489)  Warning C1004  Ambiguous reference, assuming memvar: 'GETLIST'
PEGASSUS.PRG(491)  Warning C1003  Ambiguous reference: 'PINICIO'
PEGASSUS.PRG(494)  Warning C1003  Ambiguous reference: 'CLAOPER'
PEGASSUS.PRG(494)  Warning C1003  Ambiguous reference: 'REFCLAVE'
PEGASSUS.PRG(495)  Warning C1004  Ambiguous reference, assuming memvar: 'PASS'
PEGASSUS.PRG(500)  Warning C1003  Ambiguous reference: 'PASS'
PEGASSUS.PRG(503)  Warning C1003  Ambiguous reference: 'PINICIO'
PEGASSUS.PRG(511)  Warning C1004  Ambiguous reference, assuming memvar: 'GETLIST'
PEGASSUS.PRG(518)  Warning C1003  Ambiguous reference: 'ICOLORA'
PEGASSUS.PRG(520)  Warning C1003  Ambiguous reference: 'IDIREC'
PEGASSUS.PRG(522)  Warning C1004  Ambiguous reference, assuming memvar: 'OPC'
PEGASSUS.PRG(524)  Warning C1003  Ambiguous reference: 'JTOP'
PEGASSUS.PRG(524)  Warning C1003  Ambiguous reference: 'JLEFT'
PEGASSUS.PRG(524)  Warning C1003  Ambiguous reference: 'JBOTT'
PEGASSUS.PRG(524)  Warning C1003  Ambiguous reference: 'JRIGHT'
PEGASSUS.PRG(524)  Warning C1003  Ambiguous reference: 'ITITUL'
PEGASSUS.PRG(525)  Warning C1004  Ambiguous reference, assuming memvar: 'QW1'
PEGASSUS.PRG(526)  Warning C1004  Ambiguous reference, assuming memvar: 'QW2'
PEGASSUS.PRG(527)  Warning C1004  Ambiguous reference, assuming memvar: 'QW3'
PEGASSUS.PRG(528)  Warning C1004  Ambiguous reference, assuming memvar: 'QW4'
PEGASSUS.PRG(529)  Warning C1004  Ambiguous reference, assuming memvar: 'QW5'
PEGASSUS.PRG(530)  Warning C1004  Ambiguous reference, assuming memvar: 'QW6'
PEGASSUS.PRG(531)  Warning C1003  Ambiguous reference: 'OPC'
PEGASSUS.PRG(533)  Warning C1004  Ambiguous reference, assuming memvar: 'AESTAD'
PEGASSUS.PRG(534)  Warning C1004  Ambiguous reference, assuming memvar: 'QW1'
PEGASSUS.PRG(535)  Warning C1004  Ambiguous reference, assuming memvar: 'AESTAD'
PEGASSUS.PRG(535)  Warning C1003  Ambiguous reference: 'JNIVOP'
PEGASSUS.PRG(535)  Warning C1003  Ambiguous reference: 'INOACC'
PEGASSUS.PRG(537)  Warning C1003  Ambiguous reference: 'JTOP'
PEGASSUS.PRG(537)  Warning C1004  Ambiguous reference, assuming memvar: 'AESTAD'
PEGASSUS.PRG(537)  Warning C1004  Ambiguous reference, assuming memvar: 'AESTAD'
PEGASSUS.PRG(541)  Warning C1003  Ambiguous reference: 'JTOP'
PEGASSUS.PRG(541)  Warning C1004  Ambiguous reference, assuming memvar: 'AESTAD'
PEGASSUS.PRG(541)  Warning C1004  Ambiguous reference, assuming memvar: 'AESTAD'
PEGASSUS.PRG(541)  Warning C1004  Ambiguous reference, assuming memvar: 'AESTAD'
PEGASSUS.PRG(548)  Warning C1003  Ambiguous reference: 'JTOP'
PEGASSUS.PRG(548)  Warning C1004  Ambiguous reference, assuming memvar: 'AESTAD'
PEGASSUS.PRG(548)  Warning C1004  Ambiguous reference, assuming memvar: 'AESTAD'
PEGASSUS.PRG(550)  Warning C1003  Ambiguous reference: 'ICOLORA'
PEGASSUS.PRG(553)  Warning C1003  Ambiguous reference: 'AESTAD'
PEGASSUS.PRG(554)  Warning C1004  Ambiguous reference, assuming memvar: 'AESTAD'
PEGASSUS.PRG(555)  Warning C1004  Ambiguous reference, assuming memvar: 'QW2'
PEGASSUS.PRG(556)  Warning C1004  Ambiguous reference, assuming memvar: 'AESTAD'
PEGASSUS.PRG(556)  Warning C1003  Ambiguous reference: 'JNIVOP'
PEGASSUS.PRG(556)  Warning C1003  Ambiguous reference: 'INOACC'
PEGASSUS.PRG(558)  Warning C1003  Ambiguous reference: 'JTOP'
PEGASSUS.PRG(558)  Warning C1004  Ambiguous reference, assuming memvar: 'AESTAD'
PEGASSUS.PRG(558)  Warning C1004  Ambiguous reference, assuming memvar: 'AESTAD'
PEGASSUS.PRG(562)  Warning C1003  Ambiguous reference: 'JTOP'
PEGASSUS.PRG(562)  Warning C1004  Ambiguous reference, assuming memvar: 'AESTAD'
PEGASSUS.PRG(562)  Warning C1004  Ambiguous reference, assuming memvar: 'AESTAD'
PEGASSUS.PRG(562)  Warning C1004  Ambiguous reference, assuming memvar: 'AESTAD'
PEGASSUS.PRG(569)  Warning C1003  Ambiguous reference: 'JTOP'
PEGASSUS.PRG(569)  Warning C1004  Ambiguous reference, assuming memvar: 'AESTAD'
PEGASSUS.PRG(569)  Warning C1004  Ambiguous reference, assuming memvar: 'AESTAD'
PEGASSUS.PRG(571)  Warning C1003  Ambiguous reference: 'ICOLORA'
PEGASSUS.PRG(575)  Warning C1003  Ambiguous reference: 'AESTAD'
PEGASSUS.PRG(576)  Warning C1004  Ambiguous reference, assuming memvar: 'AESTAD'
PEGASSUS.PRG(577)  Warning C1004  Ambiguous reference, assuming memvar: 'QW3'
PEGASSUS.PRG(578)  Warning C1004  Ambiguous reference, assuming memvar: 'AESTAD'
PEGASSUS.PRG(578)  Warning C1003  Ambiguous reference: 'JNIVOP'
PEGASSUS.PRG(578)  Warning C1003  Ambiguous reference: 'INOACC'
PEGASSUS.PRG(580)  Warning C1003  Ambiguous reference: 'JTOP'
PEGASSUS.PRG(580)  Warning C1004  Ambiguous reference, assuming memvar: 'AESTAD'
PEGASSUS.PRG(580)  Warning C1004  Ambiguous reference, assuming memvar: 'AESTAD'
PEGASSUS.PRG(584)  Warning C1003  Ambiguous reference: 'JTOP'
PEGASSUS.PRG(584)  Warning C1004  Ambiguous reference, assuming memvar: 'AESTAD'
PEGASSUS.PRG(584)  Warning C1004  Ambiguous reference, assuming memvar: 'AESTAD'
PEGASSUS.PRG(584)  Warning C1004  Ambiguous reference, assuming memvar: 'AESTAD'
PEGASSUS.PRG(591)  Warning C1003  Ambiguous reference: 'JTOP'
PEGASSUS.PRG(591)  Warning C1004  Ambiguous reference, assuming memvar: 'AESTAD'
PEGASSUS.PRG(591)  Warning C1004  Ambiguous reference, assuming memvar: 'AESTAD'
PEGASSUS.PRG(593)  Warning C1003  Ambiguous reference: 'ICOLORA'
PEGASSUS.PRG(597)  Warning C1003  Ambiguous reference: 'AESTAD'
PEGASSUS.PRG(598)  Warning C1004  Ambiguous reference, assuming memvar: 'AESTAD'
PEGASSUS.PRG(599)  Warning C1004  Ambiguous reference, assuming memvar: 'QW4'
PEGASSUS.PRG(600)  Warning C1004  Ambiguous reference, assuming memvar: 'AESTAD'
PEGASSUS.PRG(600)  Warning C1003  Ambiguous reference: 'JNIVOP'
PEGASSUS.PRG(600)  Warning C1003  Ambiguous reference: 'INOACC'
PEGASSUS.PRG(602)  Warning C1003  Ambiguous reference: 'JTOP'
PEGASSUS.PRG(602)  Warning C1004  Ambiguous reference, assuming memvar: 'AESTAD'
PEGASSUS.PRG(602)  Warning C1004  Ambiguous reference, assuming memvar: 'AESTAD'
PEGASSUS.PRG(606)  Warning C1003  Ambiguous reference: 'JTOP'
PEGASSUS.PRG(606)  Warning C1004  Ambiguous reference, assuming memvar: 'AESTAD'
PEGASSUS.PRG(606)  Warning C1004  Ambiguous reference, assuming memvar: 'AESTAD'
PEGASSUS.PRG(606)  Warning C1004  Ambiguous reference, assuming memvar: 'AESTAD'
PEGASSUS.PRG(613)  Warning C1003  Ambiguous reference: 'JTOP'
PEGASSUS.PRG(613)  Warning C1004  Ambiguous reference, assuming memvar: 'AESTAD'
PEGASSUS.PRG(613)  Warning C1004  Ambiguous reference, assuming memvar: 'AESTAD'
PEGASSUS.PRG(619)  Warning C1003  Ambiguous reference: 'AESTAD'
PEGASSUS.PRG(620)  Warning C1004  Ambiguous reference, assuming memvar: 'AESTAD'
PEGASSUS.PRG(621)  Warning C1004  Ambiguous reference, assuming memvar: 'QW5'
PEGASSUS.PRG(622)  Warning C1004  Ambiguous reference, assuming memvar: 'AESTAD'
PEGASSUS.PRG(622)  Warning C1003  Ambiguous reference: 'JNIVOP'
PEGASSUS.PRG(622)  Warning C1003  Ambiguous reference: 'INOACC'
PEGASSUS.PRG(624)  Warning C1003  Ambiguous reference: 'JTOP'
PEGASSUS.PRG(624)  Warning C1004  Ambiguous reference, assuming memvar: 'AESTAD'
PEGASSUS.PRG(624)  Warning C1004  Ambiguous reference, assuming memvar: 'AESTAD'
PEGASSUS.PRG(628)  Warning C1003  Ambiguous reference: 'JTOP'
PEGASSUS.PRG(628)  Warning C1004  Ambiguous reference, assuming memvar: 'AESTAD'
PEGASSUS.PRG(628)  Warning C1004  Ambiguous reference, assuming memvar: 'AESTAD'
PEGASSUS.PRG(628)  Warning C1004  Ambiguous reference, assuming memvar: 'AESTAD'
PEGASSUS.PRG(635)  Warning C1003  Ambiguous reference: 'JTOP'
PEGASSUS.PRG(635)  Warning C1004  Ambiguous reference, assuming memvar: 'AESTAD'
PEGASSUS.PRG(635)  Warning C1004  Ambiguous reference, assuming memvar: 'AESTAD'
PEGASSUS.PRG(641)  Warning C1003  Ambiguous reference: 'AESTAD'
PEGASSUS.PRG(642)  Warning C1004  Ambiguous reference, assuming memvar: 'AESTAD'
PEGASSUS.PRG(643)  Warning C1004  Ambiguous reference, assuming memvar: 'QW6'
PEGASSUS.PRG(644)  Warning C1004  Ambiguous reference, assuming memvar: 'AESTAD'
PEGASSUS.PRG(644)  Warning C1003  Ambiguous reference: 'JNIVOP'
PEGASSUS.PRG(644)  Warning C1003  Ambiguous reference: 'INOACC'
PEGASSUS.PRG(646)  Warning C1003  Ambiguous reference: 'JTOP'
PEGASSUS.PRG(646)  Warning C1004  Ambiguous reference, assuming memvar: 'AESTAD'
PEGASSUS.PRG(646)  Warning C1004  Ambiguous reference, assuming memvar: 'AESTAD'
PEGASSUS.PRG(650)  Warning C1003  Ambiguous reference: 'JTOP'
PEGASSUS.PRG(650)  Warning C1004  Ambiguous reference, assuming memvar: 'AESTAD'
PEGASSUS.PRG(650)  Warning C1004  Ambiguous reference, assuming memvar: 'AESTAD'
PEGASSUS.PRG(650)  Warning C1004  Ambiguous reference, assuming memvar: 'AESTAD'
PEGASSUS.PRG(657)  Warning C1003  Ambiguous reference: 'JTOP'
PEGASSUS.PRG(657)  Warning C1004  Ambiguous reference, assuming memvar: 'AESTAD'
PEGASSUS.PRG(657)  Warning C1004  Ambiguous reference, assuming memvar: 'AESTAD'
PEGASSUS.PRG(665)  Warning C1003  Ambiguous reference: 'OPC'
PEGASSUS.PRG(665)  Warning C1004  Ambiguous reference, assuming memvar: 'OPC'
PEGASSUS.PRG(665)  Warning C1004  Ambiguous reference, assuming memvar: 'OPC'
PEGASSUS.PRG(667)  Warning C1003  Ambiguous reference: 'OPC'
PEGASSUS.PRG(668)  Warning C1004  Ambiguous reference, assuming memvar: 'POPC'
PEGASSUS.PRG(669)  Warning C1004  Ambiguous reference, assuming memvar: 'OLDCOLO'
PEGASSUS.PRG(670)  Warning C1004  Ambiguous reference, assuming memvar: 'QOPC'
PEGASSUS.PRG(671)  Warning C1003  Ambiguous reference: 'ASMENU1'
PEGASSUS.PRG(671)  Warning C1004  Ambiguous reference, assuming memvar: 'CUAN'
PEGASSUS.PRG(672)  Warning C1003  Ambiguous reference: 'CUAN'
PEGASSUS.PRG(672)  Warning C1004  Ambiguous reference, assuming memvar: 'AESTAD'
PEGASSUS.PRG(672)  Warning C1003  Ambiguous reference: 'QOPC'
PEGASSUS.PRG(672)  Warning C1003  Ambiguous reference: 'JNIVOP'
PEGASSUS.PRG(676)  Warning C1003  Ambiguous reference: 'OLDCOLO'
PEGASSUS.PRG(677)  Warning C1003  Ambiguous reference: 'POPC'
PEGASSUS.PRG(678)  Warning C1003  Ambiguous reference: 'OPC'
PEGASSUS.PRG(679)  Warning C1004  Ambiguous reference, assuming memvar: 'POPC'
PEGASSUS.PRG(680)  Warning C1004  Ambiguous reference, assuming memvar: 'OLDCOLO'
PEGASSUS.PRG(681)  Warning C1004  Ambiguous reference, assuming memvar: 'QOPC'
PEGASSUS.PRG(682)  Warning C1003  Ambiguous reference: 'ASMENU2'
PEGASSUS.PRG(682)  Warning C1004  Ambiguous reference, assuming memvar: 'CUAN'
PEGASSUS.PRG(683)  Warning C1003  Ambiguous reference: 'CUAN'
PEGASSUS.PRG(683)  Warning C1004  Ambiguous reference, assuming memvar: 'AESTAD'
PEGASSUS.PRG(683)  Warning C1003  Ambiguous reference: 'QOPC'
PEGASSUS.PRG(683)  Warning C1003  Ambiguous reference: 'JNIVOP'
PEGASSUS.PRG(687)  Warning C1003  Ambiguous reference: 'OLDCOLO'
PEGASSUS.PRG(688)  Warning C1003  Ambiguous reference: 'POPC'
PEGASSUS.PRG(689)  Warning C1003  Ambiguous reference: 'OPC'
PEGASSUS.PRG(690)  Warning C1004  Ambiguous reference, assuming memvar: 'POPC'
PEGASSUS.PRG(691)  Warning C1004  Ambiguous reference, assuming memvar: 'OLDCOLO'
PEGASSUS.PRG(693)  Warning C1003  Ambiguous reference: 'QW1'
PEGASSUS.PRG(693)  Warning C1003  Ambiguous reference: 'QW2'
PEGASSUS.PRG(693)  Warning C1003  Ambiguous reference: 'QW3'
PEGASSUS.PRG(694)  Warning C1004  Ambiguous reference, assuming memvar: 'QOPC'
PEGASSUS.PRG(695)  Warning C1003  Ambiguous reference: 'ASMENU3'
PEGASSUS.PRG(695)  Warning C1004  Ambiguous reference, assuming memvar: 'CUAN'
PEGASSUS.PRG(696)  Warning C1003  Ambiguous reference: 'QW1'
PEGASSUS.PRG(696)  Warning C1003  Ambiguous reference: 'QW2'
PEGASSUS.PRG(696)  Warning C1003  Ambiguous reference: 'QW3'
PEGASSUS.PRG(696)  Warning C1003  Ambiguous reference: 'QW4'
PEGASSUS.PRG(696)  Warning C1003  Ambiguous reference: 'QW5'
PEGASSUS.PRG(697)  Warning C1004  Ambiguous reference, assuming memvar: 'QOPC'
PEGASSUS.PRG(698)  Warning C1003  Ambiguous reference: 'ASMENU6'
PEGASSUS.PRG(698)  Warning C1004  Ambiguous reference, assuming memvar: 'CUAN'
PEGASSUS.PRG(699)  Warning C1003  Ambiguous reference: 'QW1'
PEGASSUS.PRG(699)  Warning C1003  Ambiguous reference: 'QW2'
PEGASSUS.PRG(699)  Warning C1003  Ambiguous reference: 'QW3'
PEGASSUS.PRG(699)  Warning C1003  Ambiguous reference: 'QW4'
PEGASSUS.PRG(700)  Warning C1004  Ambiguous reference, assuming memvar: 'QOPC'
PEGASSUS.PRG(701)  Warning C1003  Ambiguous reference: 'ASMENU5'
PEGASSUS.PRG(701)  Warning C1004  Ambiguous reference, assuming memvar: 'CUAN'
PEGASSUS.PRG(702)  Warning C1003  Ambiguous reference: 'QW1'
PEGASSUS.PRG(702)  Warning C1003  Ambiguous reference: 'QW2'
PEGASSUS.PRG(702)  Warning C1003  Ambiguous reference: 'QW3'
PEGASSUS.PRG(702)  Warning C1003  Ambiguous reference: 'QW4'
PEGASSUS.PRG(703)  Warning C1004  Ambiguous reference, assuming memvar: 'QOPC'
PEGASSUS.PRG(704)  Warning C1003  Ambiguous reference: 'ASMENU4'
PEGASSUS.PRG(704)  Warning C1004  Ambiguous reference, assuming memvar: 'CUAN'
PEGASSUS.PRG(706)  Warning C1003  Ambiguous reference: 'CUAN'
PEGASSUS.PRG(706)  Warning C1004  Ambiguous reference, assuming memvar: 'AESTAD'
PEGASSUS.PRG(706)  Warning C1003  Ambiguous reference: 'QOPC'
PEGASSUS.PRG(706)  Warning C1003  Ambiguous reference: 'JNIVOP'
PEGASSUS.PRG(710)  Warning C1003  Ambiguous reference: 'OLDCOLO'
PEGASSUS.PRG(711)  Warning C1003  Ambiguous reference: 'POPC'
PEGASSUS.PRG(712)  Warning C1003  Ambiguous reference: 'OPC'
PEGASSUS.PRG(713)  Warning C1004  Ambiguous reference, assuming memvar: 'POPC'
PEGASSUS.PRG(714)  Warning C1004  Ambiguous reference, assuming memvar: 'OLDCOLO'
PEGASSUS.PRG(715)  Warning C1003  Ambiguous reference: 'QW1'
PEGASSUS.PRG(715)  Warning C1003  Ambiguous reference: 'QW2'
PEGASSUS.PRG(715)  Warning C1003  Ambiguous reference: 'QW3'
PEGASSUS.PRG(715)  Warning C1003  Ambiguous reference: 'QW4'
PEGASSUS.PRG(716)  Warning C1004  Ambiguous reference, assuming memvar: 'QOPC'
PEGASSUS.PRG(717)  Warning C1003  Ambiguous reference: 'ASMENU4'
PEGASSUS.PRG(717)  Warning C1004  Ambiguous reference, assuming memvar: 'CUAN'
PEGASSUS.PRG(717)  Warning C1003  Ambiguous reference: 'QW1'
PEGASSUS.PRG(717)  Warning C1003  Ambiguous reference: 'QW2'
PEGASSUS.PRG(717)  Warning C1003  Ambiguous reference: 'QW3'
PEGASSUS.PRG(717)  Warning C1003  Ambiguous reference: 'QW4'
PEGASSUS.PRG(717)  Warning C1003  Ambiguous reference: 'QW5'
PEGASSUS.PRG(719)  Warning C1004  Ambiguous reference, assuming memvar: 'QOPC'
PEGASSUS.PRG(720)  Warning C1003  Ambiguous reference: 'ASMENU6'
PEGASSUS.PRG(720)  Warning C1004  Ambiguous reference, assuming memvar: 'CUAN'
PEGASSUS.PRG(720)  Warning C1003  Ambiguous reference: 'QW1'
PEGASSUS.PRG(720)  Warning C1003  Ambiguous reference: 'QW2'
PEGASSUS.PRG(720)  Warning C1003  Ambiguous reference: 'QW3'
PEGASSUS.PRG(720)  Warning C1003  Ambiguous reference: 'QW4'
PEGASSUS.PRG(722)  Warning C1004  Ambiguous reference, assuming memvar: 'QOPC'
PEGASSUS.PRG(723)  Warning C1003  Ambiguous reference: 'ASMENU5'
PEGASSUS.PRG(723)  Warning C1004  Ambiguous reference, assuming memvar: 'CUAN'
PEGASSUS.PRG(725)  Warning C1003  Ambiguous reference: 'CUAN'
PEGASSUS.PRG(725)  Warning C1004  Ambiguous reference, assuming memvar: 'AESTAD'
PEGASSUS.PRG(725)  Warning C1003  Ambiguous reference: 'QOPC'
PEGASSUS.PRG(725)  Warning C1003  Ambiguous reference: 'JNIVOP'
PEGASSUS.PRG(729)  Warning C1003  Ambiguous reference: 'OLDCOLO'
PEGASSUS.PRG(730)  Warning C1003  Ambiguous reference: 'POPC'
PEGASSUS.PRG(731)  Warning C1003  Ambiguous reference: 'OPC'
PEGASSUS.PRG(732)  Warning C1004  Ambiguous reference, assuming memvar: 'POPC'
PEGASSUS.PRG(733)  Warning C1004  Ambiguous reference, assuming memvar: 'OLDCOLO'
PEGASSUS.PRG(734)  Warning C1003  Ambiguous reference: 'QW1'
PEGASSUS.PRG(734)  Warning C1003  Ambiguous reference: 'QW2'
PEGASSUS.PRG(734)  Warning C1003  Ambiguous reference: 'QW3'
PEGASSUS.PRG(734)  Warning C1003  Ambiguous reference: 'QW4'
PEGASSUS.PRG(734)  Warning C1003  Ambiguous reference: 'QW5'
PEGASSUS.PRG(735)  Warning C1004  Ambiguous reference, assuming memvar: 'QOPC'
PEGASSUS.PRG(736)  Warning C1003  Ambiguous reference: 'ASMENU5'
PEGASSUS.PRG(736)  Warning C1004  Ambiguous reference, assuming memvar: 'CUAN'
PEGASSUS.PRG(736)  Warning C1003  Ambiguous reference: 'QW1'
PEGASSUS.PRG(736)  Warning C1003  Ambiguous reference: 'QW2'
PEGASSUS.PRG(736)  Warning C1003  Ambiguous reference: 'QW3'
PEGASSUS.PRG(736)  Warning C1003  Ambiguous reference: 'QW4'
PEGASSUS.PRG(736)  Warning C1003  Ambiguous reference: 'QW5'
PEGASSUS.PRG(738)  Warning C1004  Ambiguous reference, assuming memvar: 'QOPC'
PEGASSUS.PRG(739)  Warning C1003  Ambiguous reference: 'ASMENU6'
PEGASSUS.PRG(739)  Warning C1004  Ambiguous reference, assuming memvar: 'CUAN'
PEGASSUS.PRG(741)  Warning C1003  Ambiguous reference: 'CUAN'
PEGASSUS.PRG(741)  Warning C1004  Ambiguous reference, assuming memvar: 'AESTAD'
PEGASSUS.PRG(741)  Warning C1003  Ambiguous reference: 'QOPC'
PEGASSUS.PRG(741)  Warning C1003  Ambiguous reference: 'JNIVOP'
PEGASSUS.PRG(745)  Warning C1003  Ambiguous reference: 'OLDCOLO'
PEGASSUS.PRG(746)  Warning C1003  Ambiguous reference: 'POPC'
PEGASSUS.PRG(747)  Warning C1003  Ambiguous reference: 'OPC'
PEGASSUS.PRG(748)  Warning C1004  Ambiguous reference, assuming memvar: 'POPC'
PEGASSUS.PRG(749)  Warning C1004  Ambiguous reference, assuming memvar: 'OLDCOLO'
PEGASSUS.PRG(750)  Warning C1004  Ambiguous reference, assuming memvar: 'QOPC'
PEGASSUS.PRG(751)  Warning C1003  Ambiguous reference: 'ASMENU6'
PEGASSUS.PRG(751)  Warning C1004  Ambiguous reference, assuming memvar: 'CUAN'
PEGASSUS.PRG(752)  Warning C1003  Ambiguous reference: 'CUAN'
PEGASSUS.PRG(752)  Warning C1004  Ambiguous reference, assuming memvar: 'AESTAD'
PEGASSUS.PRG(752)  Warning C1003  Ambiguous reference: 'QOPC'
PEGASSUS.PRG(752)  Warning C1003  Ambiguous reference: 'JNIVOP'
PEGASSUS.PRG(756)  Warning C1003  Ambiguous reference: 'OLDCOLO'
PEGASSUS.PRG(757)  Warning C1003  Ambiguous reference: 'POPC'
PEGASSUS.PRG(762)  Warning C1004  Ambiguous reference, assuming memvar: 'GETLIST'
PEGASSUS.PRG(764)  Warning C1003  Ambiguous reference: 'PINICIO'
PEGASSUS.PRG(770)  Warning C1004  Ambiguous reference, assuming memvar: 'CI1'
PEGASSUS.PRG(771)  Warning C1004  Ambiguous reference, assuming memvar: 'CI2'
PEGASSUS.PRG(772)  Warning C1004  Ambiguous reference, assuming memvar: 'CI3'
PEGASSUS.PRG(773)  Warning C1004  Ambiguous reference, assuming memvar: 'CI4'
PEGASSUS.PRG(774)  Warning C1004  Ambiguous reference, assuming memvar: 'CI5'
PEGASSUS.PRG(775)  Warning C1004  Ambiguous reference, assuming memvar: 'CI6'
PEGASSUS.PRG(777)  Warning C1003  Ambiguous reference: 'QOPC'
PEGASSUS.PRG(778)  Warning C1003  Ambiguous reference: 'CI1'
PEGASSUS.PRG(778)  Warning C1004  Ambiguous reference, assuming memvar: 'CIX'
PEGASSUS.PRG(779)  Warning C1003  Ambiguous reference: 'QOPC'
PEGASSUS.PRG(780)  Warning C1003  Ambiguous reference: 'CI2'
PEGASSUS.PRG(780)  Warning C1004  Ambiguous reference, assuming memvar: 'CIX'
PEGASSUS.PRG(781)  Warning C1003  Ambiguous reference: 'QOPC'
PEGASSUS.PRG(782)  Warning C1003  Ambiguous reference: 'CI3'
PEGASSUS.PRG(782)  Warning C1004  Ambiguous reference, assuming memvar: 'CIX'
PEGASSUS.PRG(783)  Warning C1003  Ambiguous reference: 'QOPC'
PEGASSUS.PRG(784)  Warning C1003  Ambiguous reference: 'CI4'
PEGASSUS.PRG(784)  Warning C1004  Ambiguous reference, assuming memvar: 'CIX'
PEGASSUS.PRG(785)  Warning C1003  Ambiguous reference: 'QOPC'
PEGASSUS.PRG(786)  Warning C1003  Ambiguous reference: 'CI5'
PEGASSUS.PRG(786)  Warning C1004  Ambiguous reference, assuming memvar: 'CIX'
PEGASSUS.PRG(787)  Warning C1003  Ambiguous reference: 'QOPC'
PEGASSUS.PRG(788)  Warning C1003  Ambiguous reference: 'CI6'
PEGASSUS.PRG(788)  Warning C1004  Ambiguous reference, assuming memvar: 'CIX'
PEGASSUS.PRG(790)  Warning C1003  Ambiguous reference: 'QOPC'
PEGASSUS.PRG(790)  Warning C1004  Ambiguous reference, assuming memvar: 'JANCH'
PEGASSUS.PRG(791)  Warning C1004  Ambiguous reference, assuming memvar: 'JANCH'
PEGASSUS.PRG(791)  Warning C1004  Ambiguous reference, assuming memvar: 'JANCH'
PEGASSUS.PRG(794)  Warning C1003  Ambiguous reference: 'JTOP'
PEGASSUS.PRG(794)  Warning C1003  Ambiguous reference: 'CIX'
PEGASSUS.PRG(794)  Warning C1003  Ambiguous reference: 'JTOP'
PEGASSUS.PRG(794)  Warning C1003  Ambiguous reference: 'CUAN'
PEGASSUS.PRG(794)  Warning C1003  Ambiguous reference: 'CIX'
PEGASSUS.PRG(794)  Warning C1003  Ambiguous reference: 'JANCH'
PEGASSUS.PRG(795)  Warning C1004  Ambiguous reference, assuming memvar: 'OPCJ1'
PEGASSUS.PRG(796)  Warning C1003  Ambiguous reference: 'OPCJ1'
PEGASSUS.PRG(798)  Warning C1004  Ambiguous reference, assuming memvar: 'I'
PEGASSUS.PRG(799)  Warning C1004  Ambiguous reference, assuming memvar: 'I'
PEGASSUS.PRG(799)  Warning C1004  Ambiguous reference, assuming memvar: 'I'
PEGASSUS.PRG(799)  Warning C1004  Ambiguous reference, assuming memvar: 'I'
PEGASSUS.PRG(799)  Warning C1003  Ambiguous reference: 'I'
PEGASSUS.PRG(801)  Warning C1003  Ambiguous reference: 'QOPC'
PEGASSUS.PRG(801)  Warning C1003  Ambiguous reference: 'I'
PEGASSUS.PRG(801)  Warning C1004  Ambiguous reference, assuming memvar: 'ARRA1'
PEGASSUS.PRG(803)  Warning C1003  Ambiguous reference: 'QOPC'
PEGASSUS.PRG(803)  Warning C1003  Ambiguous reference: 'I'
PEGASSUS.PRG(803)  Warning C1004  Ambiguous reference, assuming memvar: 'ARRA2'
PEGASSUS.PRG(805)  Warning C1003  Ambiguous reference: 'QOPC'
PEGASSUS.PRG(805)  Warning C1003  Ambiguous reference: 'I'
PEGASSUS.PRG(805)  Warning C1004  Ambiguous reference, assuming memvar: 'ARRA3'
PEGASSUS.PRG(807)  Warning C1003  Ambiguous reference: 'QOPC'
PEGASSUS.PRG(807)  Warning C1003  Ambiguous reference: 'I'
PEGASSUS.PRG(807)  Warning C1004  Ambiguous reference, assuming memvar: 'ARRA4'
PEGASSUS.PRG(809)  Warning C1003  Ambiguous reference: 'QOPC'
PEGASSUS.PRG(809)  Warning C1003  Ambiguous reference: 'I'
PEGASSUS.PRG(809)  Warning C1004  Ambiguous reference, assuming memvar: 'ARRA5'
PEGASSUS.PRG(811)  Warning C1003  Ambiguous reference: 'QOPC'
PEGASSUS.PRG(811)  Warning C1003  Ambiguous reference: 'I'
PEGASSUS.PRG(811)  Warning C1004  Ambiguous reference, assuming memvar: 'ARRA7'
PEGASSUS.PRG(812)  Warning C1003  Ambiguous reference: 'QOPC'
PEGASSUS.PRG(812)  Warning C1004  Ambiguous reference, assuming memvar: 'JANCH'
PEGASSUS.PRG(813)  Warning C1004  Ambiguous reference, assuming memvar: 'JANCH'
PEGASSUS.PRG(813)  Warning C1004  Ambiguous reference, assuming memvar: 'JANCH'
PEGASSUS.PRG(814)  Warning C1004  Ambiguous reference, assuming memvar: 'ARRA4'
PEGASSUS.PRG(814)  Warning C1003  Ambiguous reference: 'JNIVOP'
PEGASSUS.PRG(814)  Warning C1003  Ambiguous reference: 'INOACC'
PEGASSUS.PRG(816)  Warning C1003  Ambiguous reference: 'JTOP'
PEGASSUS.PRG(816)  Warning C1003  Ambiguous reference: 'I'
PEGASSUS.PRG(816)  Warning C1003  Ambiguous reference: 'CIX'
PEGASSUS.PRG(816)  Warning C1003  Ambiguous reference: 'JANCH'
PEGASSUS.PRG(819)  Warning C1003  Ambiguous reference: 'JTOP'
PEGASSUS.PRG(819)  Warning C1003  Ambiguous reference: 'I'
PEGASSUS.PRG(819)  Warning C1003  Ambiguous reference: 'CIX'
PEGASSUS.PRG(819)  Warning C1004  Ambiguous reference, assuming memvar: 'ARRA2'
PEGASSUS.PRG(819)  Warning C1003  Ambiguous reference: 'JANCH'
PEGASSUS.PRG(819)  Warning C1004  Ambiguous reference, assuming memvar: 'ARRA3'
PEGASSUS.PRG(821)  Warning C1003  Ambiguous reference: 'I'
PEGASSUS.PRG(821)  Warning C1003  Ambiguous reference: 'CUAN'
PEGASSUS.PRG(827)  Warning C1003  Ambiguous reference: 'OPCJ1'
PEGASSUS.PRG(827)  Warning C1004  Ambiguous reference, assuming memvar: 'OPCJ1'
PEGASSUS.PRG(827)  Warning C1004  Ambiguous reference, assuming memvar: 'OPCJ1'
PEGASSUS.PRG(829)  Warning C1003  Ambiguous reference: 'OPCJ1'
PEGASSUS.PRG(831)  Warning C1003  Ambiguous reference: 'OPCJ1'
PEGASSUS.PRG(833)  Warning C1003  Ambiguous reference: 'OPCJ1'
PEGASSUS.PRG(835)  Warning C1003  Ambiguous reference: 'OPCJ1'
PEGASSUS.PRG(837)  Warning C1003  Ambiguous reference: 'OPCJ1'
PEGASSUS.PRG(839)  Warning C1003  Ambiguous reference: 'OPCJ1'
PEGASSUS.PRG(841)  Warning C1003  Ambiguous reference: 'OPCJ1'
PEGASSUS.PRG(843)  Warning C1003  Ambiguous reference: 'OPCJ1'
PEGASSUS.PRG(845)  Warning C1003  Ambiguous reference: 'OPCJ1'
PEGASSUS.PRG(847)  Warning C1003  Ambiguous reference: 'OPCJ1'
PEGASSUS.PRG(883)  Warning C1004  Ambiguous reference, assuming memvar: 'POPCJ1'
PEGASSUS.PRG(884)  Warning C1004  Ambiguous reference, assuming memvar: 'OLDCOL'
PEGASSUS.PRG(887)  Warning C1003  Ambiguous reference: 'QOPC'
PEGASSUS.PRG(887)  Warning C1003  Ambiguous reference: 'OPCJ1'
PEGASSUS.PRG(887)  Warning C1004  Ambiguous reference, assuming memvar: 'SARRA1'
PEGASSUS.PRG(889)  Warning C1003  Ambiguous reference: 'QOPC'
PEGASSUS.PRG(889)  Warning C1003  Ambiguous reference: 'OPCJ1'
PEGASSUS.PRG(889)  Warning C1004  Ambiguous reference, assuming memvar: 'SARRA2'
PEGASSUS.PRG(891)  Warning C1003  Ambiguous reference: 'QOPC'
PEGASSUS.PRG(891)  Warning C1003  Ambiguous reference: 'OPCJ1'
PEGASSUS.PRG(891)  Warning C1004  Ambiguous reference, assuming memvar: 'SARRA3'
PEGASSUS.PRG(893)  Warning C1003  Ambiguous reference: 'QOPC'
PEGASSUS.PRG(893)  Warning C1003  Ambiguous reference: 'OPCJ1'
PEGASSUS.PRG(893)  Warning C1004  Ambiguous reference, assuming memvar: 'SARRA4'
PEGASSUS.PRG(895)  Warning C1003  Ambiguous reference: 'QOPC'
PEGASSUS.PRG(895)  Warning C1003  Ambiguous reference: 'OPCJ1'
PEGASSUS.PRG(895)  Warning C1004  Ambiguous reference, assuming memvar: 'SARRA5'
PEGASSUS.PRG(897)  Warning C1003  Ambiguous reference: 'QOPC'
PEGASSUS.PRG(897)  Warning C1003  Ambiguous reference: 'OPCJ1'
PEGASSUS.PRG(897)  Warning C1004  Ambiguous reference, assuming memvar: 'SARRA7'
PEGASSUS.PRG(898)  Warning C1004  Ambiguous reference, assuming memvar: 'SARRA4'
PEGASSUS.PRG(898)  Warning C1003  Ambiguous reference: 'JNIVOP'
PEGASSUS.PRG(899)  Warning C1004  Ambiguous reference, assuming memvar: 'SARRA7'
PEGASSUS.PRG(900)  Warning C1003  Ambiguous reference: 'OPCJ1'
PEGASSUS.PRG(900)  Warning C1004  Ambiguous reference, assuming memvar: 'OPCJ3'
PEGASSUS.PRG(901)  Warning C1003  Ambiguous reference: 'QOPC'
PEGASSUS.PRG(901)  Warning C1004  Ambiguous reference, assuming memvar: 'BAS'
PEGASSUS.PRG(902)  Warning C1004  Ambiguous reference, assuming memvar: 'SARRA5'
PEGASSUS.PRG(902)  Warning C1004  Ambiguous reference, assuming memvar: 'EJEC'
PEGASSUS.PRG(903)  Warning C1004  Ambiguous reference, assuming memvar: 'EJEC'
PEGASSUS.PRG(909)  Warning C1003  Ambiguous reference: 'OLDCOL'
PEGASSUS.PRG(910)  Warning C1003  Ambiguous reference: 'POPCJ1'
PEGASSUS.PRG(913)  Warning C1003  Ambiguous reference: 'IDIREC'
PEGASSUS.PRG(919)  Warning C1004  Ambiguous reference, assuming memvar: 'SARRA5'
PEGASSUS.PRG(919)  Warning C1004  Ambiguous reference, assuming memvar: 'BAS'
PEGASSUS.PRG(920)  Warning C1004  Ambiguous reference, assuming memvar: 'BAS'
PEGASSUS.PRG(920)  Warning C1004  Ambiguous reference, assuming memvar: 'CUAN3'
PEGASSUS.PRG(921)  Warning C1004  Ambiguous reference, assuming memvar: 'KL'
PEGASSUS.PRG(922)  Warning C1004  Ambiguous reference, assuming memvar: 'JUANCH3'
PEGASSUS.PRG(923)  Warning C1003  Ambiguous reference: 'KL'
PEGASSUS.PRG(923)  Warning C1004  Ambiguous reference, assuming memvar: 'BAS'
PEGASSUS.PRG(924)  Warning C1004  Ambiguous reference, assuming memvar: 'BAS'
PEGASSUS.PRG(924)  Warning C1003  Ambiguous reference: 'KL'
PEGASSUS.PRG(924)  Warning C1003  Ambiguous reference: 'JUANCH3'
PEGASSUS.PRG(925)  Warning C1004  Ambiguous reference, assuming memvar: 'BAS'
PEGASSUS.PRG(925)  Warning C1003  Ambiguous reference: 'KL'
PEGASSUS.PRG(925)  Warning C1004  Ambiguous reference, assuming memvar: 'JUANCH3'
PEGASSUS.PRG(927)  Warning C1003  Ambiguous reference: 'KL'
PEGASSUS.PRG(927)  Warning C1004  Ambiguous reference, assuming memvar: 'KL'
PEGASSUS.PRG(929)  Warning C1003  Ambiguous reference: 'JTOP'
PEGASSUS.PRG(929)  Warning C1003  Ambiguous reference: 'OPCJ1'
PEGASSUS.PRG(929)  Warning C1004  Ambiguous reference, assuming memvar: 'ARRIB'
PEGASSUS.PRG(930)  Warning C1003  Ambiguous reference: 'CIX'
PEGASSUS.PRG(930)  Warning C1004  Ambiguous reference, assuming memvar: 'SARRA2'
PEGASSUS.PRG(930)  Warning C1004  Ambiguous reference, assuming memvar: 'IZQUI'
PEGASSUS.PRG(931)  Warning C1003  Ambiguous reference: 'IZQUI'
PEGASSUS.PRG(932)  Warning C1003  Ambiguous reference: 'IZQUI'
PEGASSUS.PRG(932)  Warning C1004  Ambiguous reference, assuming memvar: 'SARRA2'
PEGASSUS.PRG(932)  Warning C1004  Ambiguous reference, assuming memvar: 'IZQUI'
PEGASSUS.PRG(934)  Warning C1003  Ambiguous reference: 'ARRIB'
PEGASSUS.PRG(934)  Warning C1003  Ambiguous reference: 'CUAN3'
PEGASSUS.PRG(934)  Warning C1004  Ambiguous reference, assuming memvar: 'ABAJO'
PEGASSUS.PRG(935)  Warning C1003  Ambiguous reference: 'IZQUI'
PEGASSUS.PRG(935)  Warning C1003  Ambiguous reference: 'JUANCH3'
PEGASSUS.PRG(935)  Warning C1004  Ambiguous reference, assuming memvar: 'DEREC'
PEGASSUS.PRG(936)  Warning C1003  Ambiguous reference: 'ARRIB'
PEGASSUS.PRG(936)  Warning C1003  Ambiguous reference: 'IZQUI'
PEGASSUS.PRG(936)  Warning C1003  Ambiguous reference: 'ABAJO'
PEGASSUS.PRG(936)  Warning C1003  Ambiguous reference: 'DEREC'
PEGASSUS.PRG(937)  Warning C1004  Ambiguous reference, assuming memvar: 'OPCJ3'
PEGASSUS.PRG(938)  Warning C1003  Ambiguous reference: 'OPCJ3'
PEGASSUS.PRG(940)  Warning C1004  Ambiguous reference, assuming memvar: 'IK'
PEGASSUS.PRG(941)  Warning C1004  Ambiguous reference, assuming memvar: 'IK'
PEGASSUS.PRG(941)  Warning C1004  Ambiguous reference, assuming memvar: 'IK'
PEGASSUS.PRG(941)  Warning C1004  Ambiguous reference, assuming memvar: 'IK'
PEGASSUS.PRG(941)  Warning C1003  Ambiguous reference: 'IK'
PEGASSUS.PRG(941)  Warning C1003  Ambiguous reference: 'CUAN3'
PEGASSUS.PRG(943)  Warning C1003  Ambiguous reference: 'ARRIB'
PEGASSUS.PRG(943)  Warning C1003  Ambiguous reference: 'IK'
PEGASSUS.PRG(943)  Warning C1003  Ambiguous reference: 'IZQUI'
PEGASSUS.PRG(943)  Warning C1004  Ambiguous reference, assuming memvar: 'BAS'
PEGASSUS.PRG(943)  Warning C1003  Ambiguous reference: 'IK'
PEGASSUS.PRG(943)  Warning C1003  Ambiguous reference: 'JUANCH3'
PEGASSUS.PRG(943)  Warning C1004  Ambiguous reference, assuming memvar: 'BAS'
PEGASSUS.PRG(943)  Warning C1003  Ambiguous reference: 'IK'
PEGASSUS.PRG(947)  Warning C1003  Ambiguous reference: 'OPCJ3'
PEGASSUS.PRG(947)  Warning C1004  Ambiguous reference, assuming memvar: 'OPCJ3'
PEGASSUS.PRG(947)  Warning C1004  Ambiguous reference, assuming memvar: 'OPCJ3'
PEGASSUS.PRG(949)  Warning C1003  Ambiguous reference: 'OPCJ3'
PEGASSUS.PRG(951)  Warning C1003  Ambiguous reference: 'OPCJ3'
PEGASSUS.PRG(953)  Warning C1003  Ambiguous reference: 'OPCJ3'
PEGASSUS.PRG(955)  Warning C1003  Ambiguous reference: 'OPCJ3'
PEGASSUS.PRG(957)  Warning C1003  Ambiguous reference: 'OPCJ3'
PEGASSUS.PRG(959)  Warning C1003  Ambiguous reference: 'OPCJ3'
PEGASSUS.PRG(961)  Warning C1003  Ambiguous reference: 'OPCJ3'
PEGASSUS.PRG(963)  Warning C1003  Ambiguous reference: 'OPCJ3'
PEGASSUS.PRG(965)  Warning C1003  Ambiguous reference: 'OPCJ3'
PEGASSUS.PRG(967)  Warning C1003  Ambiguous reference: 'OPCJ3'
PEGASSUS.PRG(976)  Warning C1004  Ambiguous reference, assuming memvar: 'POPCJ2'
PEGASSUS.PRG(977)  Warning C1004  Ambiguous reference, assuming memvar: 'OLDCOL'
PEGASSUS.PRG(978)  Warning C1004  Ambiguous reference, assuming memvar: 'BAS'
PEGASSUS.PRG(978)  Warning C1003  Ambiguous reference: 'OPCJ3'
PEGASSUS.PRG(978)  Warning C1004  Ambiguous reference, assuming memvar: 'EJEC3'
PEGASSUS.PRG(979)  Warning C1004  Ambiguous reference, assuming memvar: 'EJEC3'
PEGASSUS.PRG(980)  Warning C1003  Ambiguous reference: 'OLDCOL'
PEGASSUS.PRG(981)  Warning C1003  Ambiguous reference: 'POPCJ2'
PEGASSUS.PRG(984)  Warning C1003  Ambiguous reference: 'IDIREC'
1188 warnings                
Code size 12593, Symbols 3184, Constants 1535
.RTLink for Clipper  Dynamic Overlay Linker / Pre-Linker  Version 3.14B
(C) Copyright Pocket Soft Inc., 1988-1991.  All Rights Reserved.


UNDEFINED SYMBOL(S) AFTER LIBRARY SEARCH:
	SYMBOL						FIRST REFERENCE
	------						---------------
	'OPBASSHA'					PEGASSUS.OBJ
	'OPBASEXC'					PEGASSUS.OBJ
	'JJBOX'						PEGASSUS.OBJ
	'FLOGO'						PEGASSUS.OBJ
	'JCBOX'						PEGASSUS.OBJ

warning wrt0022: .EXE may not execute properly -- undefined symbols
247K
1 warning message(s)
