error  * no darle pelota
204K available
Compiling CAJA.PRG
CAJA.PRG(1)    Warning C1004  Ambiguous reference, assuming memvar: 'CAMP'
CAJA.PRG(2)    Warning C1004  Ambiguous reference, assuming memvar: 'CAMP'
CAJA.PRG(3)    Warning C1004  Ambiguous reference, assuming memvar: 'CAMP'
CAJA.PRG(4)    Warning C1004  Ambiguous reference, assuming memvar: 'CAMP'
CAJA.PRG(5)    Warning C1004  Ambiguous reference, assuming memvar: 'CAMP'
CAJA.PRG(6)    Warning C1004  Ambiguous reference, assuming memvar: 'CAMP'
CAJA.PRG(7)    Warning C1004  Ambiguous reference, assuming memvar: 'CAMP'
CAJA.PRG(8)    Warning C1004  Ambiguous reference, assuming memvar: 'CAMP'
CAJA.PRG(9)    Warning C1004  Ambiguous reference, assuming memvar: 'CAMP'
CAJA.PRG(10)   Warning C1004  Ambiguous reference, assuming memvar: 'CAMP'
CAJA.PRG(11)   Warning C1004  Ambiguous reference, assuming memvar: 'CAMP'
CAJA.PRG(12)   Warning C1004  Ambiguous reference, assuming memvar: 'CAMP'
CAJA.PRG(13)   Warning C1004  Ambiguous reference, assuming memvar: 'CAMP'
CAJA.PRG(16)   Warning C1004  Ambiguous reference, assuming memvar: 'TIPO'
CAJA.PRG(17)   Warning C1004  Ambiguous reference, assuming memvar: 'TIPO'
CAJA.PRG(18)   Warning C1004  Ambiguous reference, assuming memvar: 'TIPO'
CAJA.PRG(19)   Warning C1004  Ambiguous reference, assuming memvar: 'TIPO'
CAJA.PRG(20)   Warning C1004  Ambiguous reference, assuming memvar: 'TIPO'
CAJA.PRG(21)   Warning C1004  Ambiguous reference, assuming memvar: 'TIPO'
CAJA.PRG(22)   Warning C1004  Ambiguous reference, assuming memvar: 'TIPO'
CAJA.PRG(23)   Warning C1004  Ambiguous reference, assuming memvar: 'TIPO'
CAJA.PRG(24)   Warning C1004  Ambiguous reference, assuming memvar: 'TIPO'
CAJA.PRG(25)   Warning C1004  Ambiguous reference, assuming memvar: 'TIPO'
CAJA.PRG(26)   Warning C1004  Ambiguous reference, assuming memvar: 'TIPO'
CAJA.PRG(27)   Warning C1004  Ambiguous reference, assuming memvar: 'TIPO'
CAJA.PRG(28)   Warning C1004  Ambiguous reference, assuming memvar: 'TIPO'
CAJA.PRG(30)   Warning C1004  Ambiguous reference, assuming memvar: 'LON'
CAJA.PRG(31)   Warning C1004  Ambiguous reference, assuming memvar: 'LON'
CAJA.PRG(32)   Warning C1004  Ambiguous reference, assuming memvar: 'LON'
CAJA.PRG(33)   Warning C1004  Ambiguous reference, assuming memvar: 'LON'
CAJA.PRG(34)   Warning C1004  Ambiguous reference, assuming memvar: 'LON'
CAJA.PRG(35)   Warning C1004  Ambiguous reference, assuming memvar: 'LON'
CAJA.PRG(36)   Warning C1004  Ambiguous reference, assuming memvar: 'LON'
CAJA.PRG(37)   Warning C1004  Ambiguous reference, assuming memvar: 'LON'
CAJA.PRG(38)   Warning C1004  Ambiguous reference, assuming memvar: 'LON'
CAJA.PRG(39)   Warning C1004  Ambiguous reference, assuming memvar: 'LON'
CAJA.PRG(40)   Warning C1004  Ambiguous reference, assuming memvar: 'LON'
CAJA.PRG(41)   Warning C1004  Ambiguous reference, assuming memvar: 'LON'
CAJA.PRG(42)   Warning C1004  Ambiguous reference, assuming memvar: 'LON'
CAJA.PRG(44)   Warning C1004  Ambiguous reference, assuming memvar: 'DECI'
CAJA.PRG(45)   Warning C1004  Ambiguous reference, assuming memvar: 'DECI'
CAJA.PRG(46)   Warning C1004  Ambiguous reference, assuming memvar: 'DECI'
CAJA.PRG(47)   Warning C1004  Ambiguous reference, assuming memvar: 'DECI'
CAJA.PRG(48)   Warning C1004  Ambiguous reference, assuming memvar: 'DECI'
CAJA.PRG(49)   Warning C1004  Ambiguous reference, assuming memvar: 'DECI'
CAJA.PRG(50)   Warning C1004  Ambiguous reference, assuming memvar: 'DECI'
CAJA.PRG(51)   Warning C1004  Ambiguous reference, assuming memvar: 'DECI'
CAJA.PRG(52)   Warning C1004  Ambiguous reference, assuming memvar: 'DECI'
CAJA.PRG(53)   Warning C1004  Ambiguous reference, assuming memvar: 'DECI'
CAJA.PRG(54)   Warning C1004  Ambiguous reference, assuming memvar: 'DECI'
CAJA.PRG(55)   Warning C1004  Ambiguous reference, assuming memvar: 'DECI'
CAJA.PRG(56)   Warning C1004  Ambiguous reference, assuming memvar: 'DECI'
CAJA.PRG(63)   Warning C1004  Ambiguous reference, assuming memvar: 'I'
CAJA.PRG(67)   Warning C1004  Ambiguous reference, assuming memvar: 'CAMP'
CAJA.PRG(67)   Warning C1003  Ambiguous reference: 'I'
CAJA.PRG(68)   Warning C1004  Ambiguous reference, assuming memvar: 'TIPO'
CAJA.PRG(68)   Warning C1003  Ambiguous reference: 'I'
CAJA.PRG(69)   Warning C1004  Ambiguous reference, assuming memvar: 'LON'
CAJA.PRG(69)   Warning C1003  Ambiguous reference: 'I'
CAJA.PRG(70)   Warning C1004  Ambiguous reference, assuming memvar: 'DECI'
CAJA.PRG(70)   Warning C1003  Ambiguous reference: 'I'
CAJA.PRG(72)   Warning C1003  Ambiguous reference: 'I'
CAJA.PRG(76)   Warning C1003  Ambiguous reference: 'I'
CAJA.PRG(76)   Warning C1004  Ambiguous reference, assuming memvar: 'I'
CAJA.PRG(84)   Warning C1004  Ambiguous reference, assuming memvar: 'VHORACI'
CAJA.PRG(86)   Warning C1004  Ambiguous reference, assuming memvar: 'FECHA'
CAJA.PRG(87)   Warning C1004  Ambiguous reference, assuming memvar: 'OPERADOR'
CAJA.PRG(88)   Warning C1004  Ambiguous reference, assuming memvar: 'VENTAS'
CAJA.PRG(89)   Warning C1004  Ambiguous reference, assuming memvar: 'GASTOS'
CAJA.PRG(90)   Warning C1004  Ambiguous reference, assuming memvar: 'TOTCAJA'
CAJA.PRG(91)   Warning C1004  Ambiguous reference, assuming memvar: 'EFENCAJA'
CAJA.PRG(92)   Warning C1004  Ambiguous reference, assuming memvar: 'NUMEROCAJA'
CAJA.PRG(93)   Warning C1004  Ambiguous reference, assuming memvar: 'INICIAL'
CAJA.PRG(94)   Warning C1004  Ambiguous reference, assuming memvar: 'DIFER'
CAJA.PRG(95)   Warning C1004  Ambiguous reference, assuming memvar: 'CANTVTAS'
CAJA.PRG(97)   Warning C1004  Ambiguous reference, assuming memvar: 'IR'
CAJA.PRG(98)   Warning C1004  Ambiguous reference, assuming memvar: 'SALE'
CAJA.PRG(102)  Warning C1003  Ambiguous reference: 'IR'
CAJA.PRG(104)  Warning C1004  Ambiguous reference, assuming memvar: 'SALE'
CAJA.PRG(106)  Warning C1003  Ambiguous reference: 'IR'
CAJA.PRG(107)  Warning C1003  Ambiguous reference: 'IR'
CAJA.PRG(107)  Warning C1004  Ambiguous reference, assuming memvar: 'IR'
CAJA.PRG(109)  Warning C1003  Ambiguous reference: 'FECHA'
CAJA.PRG(109)  Warning C1004  Ambiguous reference, assuming memvar: 'VFECHA'
CAJA.PRG(110)  Warning C1003  Ambiguous reference: 'HORA'
CAJA.PRG(110)  Warning C1004  Ambiguous reference, assuming memvar: 'VHORACI'
CAJA.PRG(111)  Warning C1003  Ambiguous reference: 'OPERADOR'
CAJA.PRG(111)  Warning C1004  Ambiguous reference, assuming memvar: 'VOPERADOR'
CAJA.PRG(112)  Warning C1003  Ambiguous reference: 'TOTVENTAS'
CAJA.PRG(112)  Warning C1004  Ambiguous reference, assuming memvar: 'VTOTVENTAS'
CAJA.PRG(113)  Warning C1003  Ambiguous reference: 'TOTGASTOS'
CAJA.PRG(113)  Warning C1004  Ambiguous reference, assuming memvar: 'VGASTOS'
CAJA.PRG(114)  Warning C1003  Ambiguous reference: 'ENCAJA'
CAJA.PRG(114)  Warning C1004  Ambiguous reference, assuming memvar: 'VENCAJA'
CAJA.PRG(115)  Warning C1003  Ambiguous reference: 'DEBERIA'
CAJA.PRG(115)  Warning C1004  Ambiguous reference, assuming memvar: 'VDEBERIA'
CAJA.PRG(116)  Warning C1003  Ambiguous reference: 'NUMEROCAJA'
CAJA.PRG(116)  Warning C1004  Ambiguous reference, assuming memvar: 'VNUMEROCAJA'
CAJA.PRG(121)  Warning C1003  Ambiguous reference: 'VFECHA'
CAJA.PRG(122)  Warning C1003  Ambiguous reference: 'VHORACI'
CAJA.PRG(123)  Warning C1003  Ambiguous reference: 'VOPERADOR'
CAJA.PRG(124)  Warning C1003  Ambiguous reference: 'VTOTVENTAS'
CAJA.PRG(125)  Warning C1003  Ambiguous reference: 'VGASTOS'
CAJA.PRG(126)  Warning C1003  Ambiguous reference: 'VNUMEROCAJA'
CAJA.PRG(127)  Warning C1003  Ambiguous reference: 'VENCAJA'
CAJA.PRG(128)  Warning C1003  Ambiguous reference: 'VDEBERIA'
CAJA.PRG(129)  Warning C1003  Ambiguous reference: 'SALE'
107 warnings                
Code size 1137, Symbols 688, Constants 239
.RTLink for Clipper  Dynamic Overlay Linker / Pre-Linker  Version 3.14B
(C) Copyright Pocket Soft Inc., 1988-1991.  All Rights Reserved.

226K
