CLIPPER.NG
Clipper

File size: 00054191  (344465d)
       3 menus
       6 short strucs
     266 long strucs
 -->   6 files.


Numbers in hex, except target file #

ID    FileOffs  1stptr    Lastptr   Tgt  Parent
0000  00000279  000020E0  00042640  001  FFFFFFFF
0000  0000E207  0001049C  00053A57  002  FFFFFFFF
0000  000201C6  000202CF  000202CF  003  FFFFFFFF
0000  000202EB  000204CD  00020885  004  FFFFFFFF
0000  000208A1  00020973  00026DC3  005  FFFFFFFF
0000  00053B4F  FFFFFFFF  FFFFFFFF  006  000202EB

CLIP001.ASC: Commands: Clipper
CLIP002.ASC: Function: Clipper
CLIP003.ASC: Referenc: Colors
CLIP004.ASC: Referenc: Clipper Run-Time Errors
CLIP005.ASC: Referenc: Extend System
CLIP006.ASC:  DOS Errors        Expand this entry for complete list
