error  * no darle pelota
352K available
Compiling PASA.PRG
PASA.PRG(1)    Warning C1004  Ambiguous reference, assuming memvar: 'CAMP'
PASA.PRG(2)    Warning C1004  Ambiguous reference, assuming memvar: 'CAMP'
PASA.PRG(3)    Warning C1004  Ambiguous reference, assuming memvar: 'CAMP'
PASA.PRG(4)    Warning C1004  Ambiguous reference, assuming memvar: 'CAMP'
PASA.PRG(5)    Warning C1004  Ambiguous reference, assuming memvar: 'CAMP'
PASA.PRG(6)    Warning C1004  Ambiguous reference, assuming memvar: 'CAMP'
PASA.PRG(7)    Warning C1004  Ambiguous reference, assuming memvar: 'CAMP'
PASA.PRG(8)    Warning C1004  Ambiguous reference, assuming memvar: 'CAMP'
PASA.PRG(9)    Warning C1004  Ambiguous reference, assuming memvar: 'CAMP'
PASA.PRG(10)   Warning C1004  Ambiguous reference, assuming memvar: 'CAMP'
PASA.PRG(13)   Warning C1004  Ambiguous reference, assuming memvar: 'TIPO'
PASA.PRG(14)   Warning C1004  Ambiguous reference, assuming memvar: 'TIPO'
PASA.PRG(15)   Warning C1004  Ambiguous reference, assuming memvar: 'TIPO'
PASA.PRG(16)   Warning C1004  Ambiguous reference, assuming memvar: 'TIPO'
PASA.PRG(17)   Warning C1004  Ambiguous reference, assuming memvar: 'TIPO'
PASA.PRG(18)   Warning C1004  Ambiguous reference, assuming memvar: 'TIPO'
PASA.PRG(19)   Warning C1004  Ambiguous reference, assuming memvar: 'TIPO'
PASA.PRG(20)   Warning C1004  Ambiguous reference, assuming memvar: 'TIPO'
PASA.PRG(21)   Warning C1004  Ambiguous reference, assuming memvar: 'TIPO'
PASA.PRG(22)   Warning C1004  Ambiguous reference, assuming memvar: 'TIPO'
PASA.PRG(24)   Warning C1004  Ambiguous reference, assuming memvar: 'LON'
PASA.PRG(25)   Warning C1004  Ambiguous reference, assuming memvar: 'LON'
PASA.PRG(26)   Warning C1004  Ambiguous reference, assuming memvar: 'LON'
PASA.PRG(27)   Warning C1004  Ambiguous reference, assuming memvar: 'LON'
PASA.PRG(28)   Warning C1004  Ambiguous reference, assuming memvar: 'LON'
PASA.PRG(29)   Warning C1004  Ambiguous reference, assuming memvar: 'LON'
PASA.PRG(30)   Warning C1004  Ambiguous reference, assuming memvar: 'LON'
PASA.PRG(31)   Warning C1004  Ambiguous reference, assuming memvar: 'LON'
PASA.PRG(32)   Warning C1004  Ambiguous reference, assuming memvar: 'LON'
PASA.PRG(33)   Warning C1004  Ambiguous reference, assuming memvar: 'LON'
PASA.PRG(35)   Warning C1004  Ambiguous reference, assuming memvar: 'DECI'
PASA.PRG(36)   Warning C1004  Ambiguous reference, assuming memvar: 'DECI'
PASA.PRG(37)   Warning C1004  Ambiguous reference, assuming memvar: 'DECI'
PASA.PRG(38)   Warning C1004  Ambiguous reference, assuming memvar: 'DECI'
PASA.PRG(39)   Warning C1004  Ambiguous reference, assuming memvar: 'DECI'
PASA.PRG(40)   Warning C1004  Ambiguous reference, assuming memvar: 'DECI'
PASA.PRG(41)   Warning C1004  Ambiguous reference, assuming memvar: 'DECI'
PASA.PRG(42)   Warning C1004  Ambiguous reference, assuming memvar: 'DECI'
PASA.PRG(43)   Warning C1004  Ambiguous reference, assuming memvar: 'DECI'
PASA.PRG(44)   Warning C1004  Ambiguous reference, assuming memvar: 'DECI'
PASA.PRG(51)   Warning C1004  Ambiguous reference, assuming memvar: 'I'
PASA.PRG(55)   Warning C1004  Ambiguous reference, assuming memvar: 'CAMP'
PASA.PRG(55)   Warning C1003  Ambiguous reference: 'I'
PASA.PRG(56)   Warning C1004  Ambiguous reference, assuming memvar: 'TIPO'
PASA.PRG(56)   Warning C1003  Ambiguous reference: 'I'
PASA.PRG(57)   Warning C1004  Ambiguous reference, assuming memvar: 'LON'
PASA.PRG(57)   Warning C1003  Ambiguous reference: 'I'
PASA.PRG(58)   Warning C1004  Ambiguous reference, assuming memvar: 'DECI'
PASA.PRG(58)   Warning C1003  Ambiguous reference: 'I'
PASA.PRG(60)   Warning C1003  Ambiguous reference: 'I'
PASA.PRG(64)   Warning C1003  Ambiguous reference: 'I'
PASA.PRG(64)   Warning C1004  Ambiguous reference, assuming memvar: 'I'
PASA.PRG(73)   Warning C1004  Ambiguous reference, assuming memvar: 'DETALLE'
PASA.PRG(74)   Warning C1004  Ambiguous reference, assuming memvar: 'VCODIGBARRA'
PASA.PRG(75)   Warning C1004  Ambiguous reference, assuming memvar: 'VPCOSTO'
PASA.PRG(76)   Warning C1004  Ambiguous reference, assuming memvar: 'VGANANCIA'
PASA.PRG(77)   Warning C1004  Ambiguous reference, assuming memvar: 'VSINIVA'
PASA.PRG(78)   Warning C1004  Ambiguous reference, assuming memvar: 'VCONIVA'
PASA.PRG(79)   Warning C1004  Ambiguous reference, assuming memvar: 'CLASIFICAC'
PASA.PRG(84)   Warning C1004  Ambiguous reference, assuming memvar: 'IR'
PASA.PRG(85)   Warning C1004  Ambiguous reference, assuming memvar: 'SALE'
PASA.PRG(89)   Warning C1003  Ambiguous reference: 'IR'
PASA.PRG(91)   Warning C1004  Ambiguous reference, assuming memvar: 'SALE'
PASA.PRG(93)   Warning C1003  Ambiguous reference: 'IR'
PASA.PRG(93)   Warning C1004  Ambiguous reference, assuming memvar: 'IR'
PASA.PRG(96)   Warning C1003  Ambiguous reference: 'DETALLE'
PASA.PRG(96)   Warning C1004  Ambiguous reference, assuming memvar: 'VDETALLE'
PASA.PRG(97)   Warning C1003  Ambiguous reference: 'CODIGBARRA'
PASA.PRG(97)   Warning C1004  Ambiguous reference, assuming memvar: 'VCODIGBARRA'
PASA.PRG(98)   Warning C1003  Ambiguous reference: 'PCOSTO'
PASA.PRG(98)   Warning C1004  Ambiguous reference, assuming memvar: 'VPCOSTO'
PASA.PRG(99)   Warning C1003  Ambiguous reference: 'GANANCIA'
PASA.PRG(99)   Warning C1004  Ambiguous reference, assuming memvar: 'VGANANCIA'
PASA.PRG(100)  Warning C1003  Ambiguous reference: 'SINIVA'
PASA.PRG(100)  Warning C1004  Ambiguous reference, assuming memvar: 'VSINIVA'
PASA.PRG(101)  Warning C1003  Ambiguous reference: 'CONIVA'
PASA.PRG(101)  Warning C1004  Ambiguous reference, assuming memvar: 'VCONIVA'
PASA.PRG(107)  Warning C1003  Ambiguous reference: 'IR'
PASA.PRG(108)  Warning C1003  Ambiguous reference: 'VDETALLE'
PASA.PRG(109)  Warning C1003  Ambiguous reference: 'VCODIGBARRA'
PASA.PRG(110)  Warning C1003  Ambiguous reference: 'VPCOSTO'
PASA.PRG(111)  Warning C1003  Ambiguous reference: 'VGANANCIA'
PASA.PRG(112)  Warning C1003  Ambiguous reference: 'VSINIVA'
PASA.PRG(113)  Warning C1003  Ambiguous reference: 'VCONIVA'
PASA.PRG(116)  Warning C1003  Ambiguous reference: 'SALE'
85 warnings                
Code size 936, Symbols 512, Constants 184
.RTLink for Clipper  Dynamic Overlay Linker / Pre-Linker  Version 3.14B
(C) Copyright Pocket Soft Inc., 1988-1991.  All Rights Reserved.

205K
