error  * no darle pelota
191K available
Compiling PASA.PRG
PASA.PRG(1)    Warning C1004  Ambiguous reference, assuming memvar: 'CAMP'
PASA.PRG(2)    Warning C1004  Ambiguous reference, assuming memvar: 'CAMP'
PASA.PRG(3)    Warning C1004  Ambiguous reference, assuming memvar: 'CAMP'
PASA.PRG(4)    Warning C1004  Ambiguous reference, assuming memvar: 'CAMP'
PASA.PRG(5)    Warning C1004  Ambiguous reference, assuming memvar: 'CAMP'
PASA.PRG(6)    Warning C1004  Ambiguous reference, assuming memvar: 'CAMP'
PASA.PRG(7)    Warning C1004  Ambiguous reference, assuming memvar: 'CAMP'
PASA.PRG(8)    Warning C1004  Ambiguous reference, assuming memvar: 'CAMP'
PASA.PRG(9)    Warning C1004  Ambiguous reference, assuming memvar: 'CAMP'
PASA.PRG(12)   Warning C1004  Ambiguous reference, assuming memvar: 'TIPO'
PASA.PRG(13)   Warning C1004  Ambiguous reference, assuming memvar: 'TIPO'
PASA.PRG(14)   Warning C1004  Ambiguous reference, assuming memvar: 'TIPO'
PASA.PRG(15)   Warning C1004  Ambiguous reference, assuming memvar: 'TIPO'
PASA.PRG(16)   Warning C1004  Ambiguous reference, assuming memvar: 'TIPO'
PASA.PRG(17)   Warning C1004  Ambiguous reference, assuming memvar: 'TIPO'
PASA.PRG(18)   Warning C1004  Ambiguous reference, assuming memvar: 'TIPO'
PASA.PRG(19)   Warning C1004  Ambiguous reference, assuming memvar: 'TIPO'
PASA.PRG(20)   Warning C1004  Ambiguous reference, assuming memvar: 'TIPO'
PASA.PRG(22)   Warning C1004  Ambiguous reference, assuming memvar: 'LON'
PASA.PRG(23)   Warning C1004  Ambiguous reference, assuming memvar: 'LON'
PASA.PRG(24)   Warning C1004  Ambiguous reference, assuming memvar: 'LON'
PASA.PRG(25)   Warning C1004  Ambiguous reference, assuming memvar: 'LON'
PASA.PRG(26)   Warning C1004  Ambiguous reference, assuming memvar: 'LON'
PASA.PRG(27)   Warning C1004  Ambiguous reference, assuming memvar: 'LON'
PASA.PRG(28)   Warning C1004  Ambiguous reference, assuming memvar: 'LON'
PASA.PRG(29)   Warning C1004  Ambiguous reference, assuming memvar: 'LON'
PASA.PRG(30)   Warning C1004  Ambiguous reference, assuming memvar: 'LON'
PASA.PRG(32)   Warning C1004  Ambiguous reference, assuming memvar: 'DECI'
PASA.PRG(33)   Warning C1004  Ambiguous reference, assuming memvar: 'DECI'
PASA.PRG(34)   Warning C1004  Ambiguous reference, assuming memvar: 'DECI'
PASA.PRG(35)   Warning C1004  Ambiguous reference, assuming memvar: 'DECI'
PASA.PRG(36)   Warning C1004  Ambiguous reference, assuming memvar: 'DECI'
PASA.PRG(37)   Warning C1004  Ambiguous reference, assuming memvar: 'DECI'
PASA.PRG(38)   Warning C1004  Ambiguous reference, assuming memvar: 'DECI'
PASA.PRG(39)   Warning C1004  Ambiguous reference, assuming memvar: 'DECI'
PASA.PRG(40)   Warning C1004  Ambiguous reference, assuming memvar: 'DECI'
PASA.PRG(47)   Warning C1004  Ambiguous reference, assuming memvar: 'I'
PASA.PRG(51)   Warning C1004  Ambiguous reference, assuming memvar: 'CAMP'
PASA.PRG(51)   Warning C1003  Ambiguous reference: 'I'
PASA.PRG(52)   Warning C1004  Ambiguous reference, assuming memvar: 'TIPO'
PASA.PRG(52)   Warning C1003  Ambiguous reference: 'I'
PASA.PRG(53)   Warning C1004  Ambiguous reference, assuming memvar: 'LON'
PASA.PRG(53)   Warning C1003  Ambiguous reference: 'I'
PASA.PRG(54)   Warning C1004  Ambiguous reference, assuming memvar: 'DECI'
PASA.PRG(54)   Warning C1003  Ambiguous reference: 'I'
PASA.PRG(56)   Warning C1003  Ambiguous reference: 'I'
PASA.PRG(60)   Warning C1003  Ambiguous reference: 'I'
PASA.PRG(60)   Warning C1004  Ambiguous reference, assuming memvar: 'I'
PASA.PRG(69)   Warning C1004  Ambiguous reference, assuming memvar: 'DETALLE'
PASA.PRG(70)   Warning C1004  Ambiguous reference, assuming memvar: 'VCODIGBARRA'
PASA.PRG(71)   Warning C1004  Ambiguous reference, assuming memvar: 'VPCOSTO'
PASA.PRG(72)   Warning C1004  Ambiguous reference, assuming memvar: 'VCONIVA'
PASA.PRG(73)   Warning C1004  Ambiguous reference, assuming memvar: 'VCANTIDAD'
PASA.PRG(74)   Warning C1004  Ambiguous reference, assuming memvar: 'VREAL'
PASA.PRG(75)   Warning C1004  Ambiguous reference, assuming memvar: 'VLIMITE'
PASA.PRG(80)   Warning C1004  Ambiguous reference, assuming memvar: 'IR'
PASA.PRG(84)   Warning C1003  Ambiguous reference: 'IR'
PASA.PRG(88)   Warning C1003  Ambiguous reference: 'IR'
PASA.PRG(88)   Warning C1004  Ambiguous reference, assuming memvar: 'IR'
PASA.PRG(91)   Warning C1003  Ambiguous reference: 'DETALLE'
PASA.PRG(91)   Warning C1004  Ambiguous reference, assuming memvar: 'VDETALLE'
PASA.PRG(92)   Warning C1003  Ambiguous reference: 'CODIGBARRA'
PASA.PRG(92)   Warning C1004  Ambiguous reference, assuming memvar: 'VCODIGBARRA'
PASA.PRG(93)   Warning C1003  Ambiguous reference: 'PCOSTO'
PASA.PRG(93)   Warning C1004  Ambiguous reference, assuming memvar: 'VPCOSTO'
PASA.PRG(94)   Warning C1003  Ambiguous reference: 'CONIVA'
PASA.PRG(94)   Warning C1004  Ambiguous reference, assuming memvar: 'VCONIVA'
PASA.PRG(95)   Warning C1003  Ambiguous reference: 'CANTIDAD'
PASA.PRG(95)   Warning C1004  Ambiguous reference, assuming memvar: 'VCANTIDAD'
PASA.PRG(96)   Warning C1003  Ambiguous reference: 'REAL'
PASA.PRG(96)   Warning C1004  Ambiguous reference, assuming memvar: 'VREAL'
PASA.PRG(97)   Warning C1003  Ambiguous reference: 'LIMITE'
PASA.PRG(97)   Warning C1004  Ambiguous reference, assuming memvar: 'VLIMITE'
PASA.PRG(98)   Warning C1003  Ambiguous reference: 'VCODIGBARRA'
PASA.PRG(98)   Warning C1004  Ambiguous reference, assuming memvar: 'VCODIGBARRA'
PASA.PRG(104)  Warning C1003  Ambiguous reference: 'IR'
PASA.PRG(105)  Warning C1003  Ambiguous reference: 'VDETALLE'
PASA.PRG(106)  Warning C1003  Ambiguous reference: 'VCODIGBARRA'
PASA.PRG(107)  Warning C1003  Ambiguous reference: 'VPCOSTO'
PASA.PRG(108)  Warning C1003  Ambiguous reference: 'VCONIVA'
PASA.PRG(109)  Warning C1003  Ambiguous reference: 'VCANTIDAD'
PASA.PRG(110)  Warning C1003  Ambiguous reference: 'VREAL'
PASA.PRG(111)  Warning C1003  Ambiguous reference: 'VLIMITE'
83 warnings                
Code size 904, Symbols 512, Constants 168
.RTLink for Clipper  Dynamic Overlay Linker / Pre-Linker  Version 3.14B
(C) Copyright Pocket Soft Inc., 1988-1991.  All Rights Reserved.

205K
