Unresolved S/A (file: 003)
Unresolved S/A (file: 003)
Unresolved S/A (file: 003)
Unresolved S/A (file: 003)
Unresolved S/A (file: 007)
Unresolved S/A (file: 007)
Unresolved S/A (file: 007)
Unresolved S/A (file: 007)
GW230DEM.NG
GhostWare library v2.30

File size: 0003E09D  (254109d)
       3 menus
      15 short strucs
     470 long strucs
 -->  15 files.


Numbers in hex, except target file #

ID    FileOffs  1stptr    Lastptr   Tgt  Parent
0000  000003B1  00003FE9  0001CA18  001  FFFFFFFF
0000  0001CB66  0001CDA5  00020AE4  002  FFFFFFFF
0000  00020F78  0002146D  00024082  003  FFFFFFFF
0000  0002421A  00024756  0002643E  004  FFFFFFFF
0000  00026588  0002680E  00027D4B  005  FFFFFFFF
0000  000281F2  0002858B  00029F98  006  FFFFFFFF
0000  0002A100  0002A589  0002D388  007  FFFFFFFF
0000  0002D6E3  0002D959  0002EBC4  008  FFFFFFFF
0000  0002EDA7  0002EF1E  0002FC98  009  FFFFFFFF
0000  0002FE5D  0002FF76  00030609  010  FFFFFFFF
0000  00030A70  00030E7F  00033065  011  FFFFFFFF
0000  000331B6  000337B4  00035843  012  FFFFFFFF
0000  00035983  00036035  000388FD  013  FFFFFFFF
0000  00038C65  000390B4  0003B5D0  014  FFFFFFFF
0000  0003B723  0003BCCD  0003DF4F  015  FFFFFFFF

GW23001.ASC: General: Alphabetic list
GW23002.ASC: General: About GhostWare library
GW23003.ASC: A-L: Color functions
GW23004.ASC: A-L: Conversion functions
GW23005.ASC: A-L: Database functions
GW23006.ASC: A-L: DOS functions
GW23007.ASC: A-L: Getlist functions
GW23008.ASC: A-L: Hotspot functions
GW23009.ASC: A-L: Log functions
GW23010.ASC: M-Z: Menu Functions
GW23011.ASC: M-Z: Miscellaneous functions
GW23012.ASC: M-Z: Mouse functions
GW23013.ASC: M-Z: Printer functions
GW23014.ASC: M-Z: Screen functions
GW23015.ASC: M-Z: Video functions
